Log file open, 05/23/17 23:07:59
LogInit:Display: Running engine for game: LevelGen
LogPlatformFile: Not using cached read wrapper
LogInit:Display: RandInit(177362826) SRandInit(177362826).
LogTaskGraph: Started task graph with 5 named threads and 8 total threads with 1 sets of task threads.
LogStats: Stats thread started at 4.469641
LogInit: Using libcurl 7.47.1
LogInit:  - built for x86_64-pc-win32
LogInit:  - supports SSL with OpenSSL/1.0.2g
LogInit:  - supports HTTP deflate (compression) using libz 1.2.8
LogInit:  - other features:
LogInit:      CURL_VERSION_SSL
LogInit:      CURL_VERSION_LIBZ
LogInit:      CURL_VERSION_IPV6
LogInit:      CURL_VERSION_ASYNCHDNS
LogInit:      CURL_VERSION_LARGEFILE
LogInit:      CURL_VERSION_IDN
LogInit:  CurlRequestOptions (configurable via config and command line):
LogInit:  - bVerifyPeer = false  - Libcurl will NOT verify peer certificate
LogInit:  - bUseHttpProxy = false  - Libcurl will NOT use HTTP proxy
LogInit:  - bDontReuseConnections = false  - Libcurl will reuse connections
LogInit:  - CertBundlePath = nullptr  - Libcurl will use whatever was configured at build time.
LogInit: Build: ++UE4+Release-4.15-CL-3416026
LogInit: Engine Version: 4.15.2-3416026+++UE4+Release-4.15
LogInit: Compatible Engine Version: 4.15.0-3299760+++UE4+Release-4.15
LogInit: Net CL: 3299760
LogDevObjectVersion: Number of dev versions registered: 14
LogDevObjectVersion:   Dev-Blueprints (B0D832E4-1F89-4F0D-ACCF-7EB736FD4AA2): 8
LogDevObjectVersion:   Dev-Build (E1C64328-A22C-4D53-A36C-8E866417BD8C): 0
LogDevObjectVersion:   Dev-Core (375EC13C-06E4-48FB-B500-84F0262A717E): 2
LogDevObjectVersion:   Dev-Editor (E4B068ED-F494-42E9-A231-DA0B2E46BB41): 14
LogDevObjectVersion:   Dev-Framework (CFFC743F-43B0-4480-9391-14DF171D2073): 22
LogDevObjectVersion:   Dev-Mobile (B02B49B5-BB20-44E9-A304-32B752E40360): 0
LogDevObjectVersion:   Dev-Networking (A4E4105C-59A1-49B5-A7C5-40C4547EDFEE): 0
LogDevObjectVersion:   Dev-Online (39C831C9-5AE6-47DC-9A44-9C173E1C8E7C): 0
LogDevObjectVersion:   Dev-Physics (78F01B33-EBEA-4F98-B9B4-84EACCB95AA2): 0
LogDevObjectVersion:   Dev-Platform (6631380F-2D4D-43E0-8009-CF276956A95A): 0
LogDevObjectVersion:   Dev-Rendering (12F88B9F-8875-4AFC-A67C-D90C383ABD29): 12
LogDevObjectVersion:   Dev-Sequencer (7B5AE74C-D270-4C10-A958-57980B212A5A): 3
LogDevObjectVersion:   Dev-VR (D7296918-1DD6-4BDD-9DE2-64A83CC13884): 0
LogDevObjectVersion:   Dev-LoadTimes (C2A15278-BFE7-4AFE-6C17-90FF531DF755): 1
LogInit: Compiled (64-bit): May  1 2017 13:11:28
LogInit: Compiled with Visual C++: 19.00.23026.00
LogInit: Build Configuration: DebugGame
LogInit: Branch Name: ++UE4+Release-4.15
LogInit: Command line:  -debug
LogInit: Base directory: D:/Program Files/UE_4.15/Engine/Binaries/Win64/
LogInit: Installed Engine Build: 1
LogInit: Presizing for max 8388607 objects, including 0 objects not considered by GC, pre-allocating 0 bytes for permanent pool.
LogInit: Object subsystem initialized
[2017.05.23-22.08.01:973][  0]LogInit: Selected Device Profile: [Windows]
[2017.05.23-22.08.01:973][  0]LogInit: Applying CVar settings loaded from the selected device profile: [Windows]
[2017.05.23-22.08.02:062][  0]LogInit: Computer: JFB
[2017.05.23-22.08.02:062][  0]LogInit: User: baxter
[2017.05.23-22.08.02:062][  0]LogInit: CPU Page size=65536, Cores=4
[2017.05.23-22.08.02:062][  0]LogInit: High frequency timer resolution =3.320306 MHz
[2017.05.23-22.08.02:062][  0]LogMemory: Memory total: Physical=15.9GB (16GB approx)
[2017.05.23-22.08.02:062][  0]LogMemory: Platform Memory Stats for Windows
[2017.05.23-22.08.02:063][  0]LogMemory: Process Physical Memory: 264.43 MB used, 264.43 MB peak
[2017.05.23-22.08.02:063][  0]LogMemory: Process Virtual Memory: 263.55 MB used, 263.55 MB peak
[2017.05.23-22.08.02:063][  0]LogMemory: Physical Memory: 7257.20 MB used,  9064.18 MB free, 16321.38 MB total
[2017.05.23-22.08.02:063][  0]LogMemory: Virtual Memory: 643.26 MB used,  9064.18 MB free, 134217728.00 MB total
[2017.05.23-22.08.02:833][  0]LogTextLocalizationManager: No specific translations for ('en-GB') exist, so ('en') translations will be used.
[2017.05.23-22.08.06:441][  0]LogD3D11RHI: D3D11 adapters:
[2017.05.23-22.08.06:487][  0]LogD3D11RHI:    0. 'NVIDIA GeForce GTX 1070' (Feature Level 11_0)
[2017.05.23-22.08.06:487][  0]LogD3D11RHI:       8119/0/8160 MB DedicatedVideo/DedicatedSystem/SharedSystem, Outputs:1, VendorId:0x10de
[2017.05.23-22.08.06:492][  0]LogD3D11RHI:    1. 'Microsoft Basic Render Driver' (Feature Level 11_0)
[2017.05.23-22.08.06:492][  0]LogD3D11RHI:       0/0/8160 MB DedicatedVideo/DedicatedSystem/SharedSystem, Outputs:0, VendorId:0x1414
[2017.05.23-22.08.06:492][  0]LogD3D11RHI: Chosen D3D11 Adapter: 0
[2017.05.23-22.08.06:511][  0]LogD3D11RHI: Creating new Direct3DDevice
[2017.05.23-22.08.06:511][  0]LogD3D11RHI:     GPU DeviceId: 0x1b81 (for the marketing name, search the web for "GPU Device Id")
[2017.05.23-22.08.06:511][  0]LogWindows: EnumDisplayDevices:
[2017.05.23-22.08.06:511][  0]LogWindows:    0. 'NVIDIA GeForce GTX 1070' (P:1 D:1)
[2017.05.23-22.08.06:512][  0]LogWindows:    1. 'NVIDIA GeForce GTX 1070' (P:0 D:0)
[2017.05.23-22.08.06:512][  0]LogWindows:    2. 'NVIDIA GeForce GTX 1070' (P:0 D:0)
[2017.05.23-22.08.06:512][  0]LogWindows:    3. 'NVIDIA GeForce GTX 1070' (P:0 D:0)
[2017.05.23-22.08.06:512][  0]LogWindows: DebugString: FoundDriverCount:4 
[2017.05.23-22.08.06:512][  0]LogD3D11RHI:     Adapter Name: NVIDIA GeForce GTX 1070
[2017.05.23-22.08.06:513][  0]LogD3D11RHI:   Driver Version: 382.05 (internal:22.21.13.8205, unified:382.05)
[2017.05.23-22.08.06:513][  0]LogD3D11RHI:      Driver Date: 5-1-2017
[2017.05.23-22.08.06:513][  0]LogRHI: Texture pool is 1361 MB (70% of 1945 MB)
[2017.05.23-22.08.06:544][  0]LogD3D11RHI: [Aftermath] Aftermath enabled and primed
[2017.05.23-22.08.06:545][  0]LogD3D11RHI: Async texture creation enabled
[2017.05.23-22.08.06:985][  0]LogD3D11RHI: GPU Timing Frequency: 1000.000000 (Debug: 2 1)
[2017.05.23-22.08.07:087][  0]LogShaderCompilers: Guid format shader working directory is -2 characters bigger than the processId version (C:/Users/baxter/Documents/UnrealProjects/LevelGen/Intermediate/Shaders/WorkingDirectory/7700/).
[2017.05.23-22.08.07:087][  0]LogShaderCompilers: Cleaned the shader compiler working directory 'C:/Users/baxter/AppData/Local/Temp/UnrealShaderWorkingDir/1CA82B4C48324F96ACE3C392BBFB0995/'.
[2017.05.23-22.08.07:088][  0]LogShaderCompilers:Display: Using Local Shader Compiler.
[2017.05.23-22.08.11:309][  0]LogTemp:Display: Loaded TP AllDesktopTargetPlatform
[2017.05.23-22.08.11:345][  0]LogTemp:Display: Loaded TP MacClientTargetPlatform
[2017.05.23-22.08.11:380][  0]LogTemp:Display: Loaded TP MacNoEditorTargetPlatform
[2017.05.23-22.08.11:418][  0]LogTemp:Display: Loaded TP MacServerTargetPlatform
[2017.05.23-22.08.11:472][  0]LogTemp:Display: Loaded TP MacTargetPlatform
[2017.05.23-22.08.11:508][  0]LogTemp:Display: Loaded TP WindowsClientTargetPlatform
[2017.05.23-22.08.11:543][  0]LogTemp:Display: Loaded TP WindowsNoEditorTargetPlatform
[2017.05.23-22.08.11:580][  0]LogTemp:Display: Loaded TP WindowsServerTargetPlatform
[2017.05.23-22.08.11:610][  0]LogTemp:Display: Loaded TP WindowsTargetPlatform
[2017.05.23-22.08.11:651][  0]LogTemp:Display: Loaded TP AndroidTargetPlatform
[2017.05.23-22.08.11:684][  0]LogTemp:Display: Loaded TP Android_ASTCTargetPlatform
[2017.05.23-22.08.11:719][  0]LogTemp:Display: Loaded TP Android_ATCTargetPlatform
[2017.05.23-22.08.11:753][  0]LogTemp:Display: Loaded TP Android_DXTTargetPlatform
[2017.05.23-22.08.11:787][  0]LogTemp:Display: Loaded TP Android_ETC1TargetPlatform
[2017.05.23-22.08.11:820][  0]LogTemp:Display: Loaded TP Android_ETC2TargetPlatform
[2017.05.23-22.08.11:893][  0]LogTemp:Display: Loaded TP Android_MultiTargetPlatform
[2017.05.23-22.08.11:893][  0]LogTemp:Display: Loaded TP Android_PVRTCTargetPlatform
[2017.05.23-22.08.11:937][  0]LogTemp:Display: Loaded TP HTML5TargetPlatform
[2017.05.23-22.08.12:062][  0]LogTemp:Display: Loaded TP IOSTargetPlatform
[2017.05.23-22.08.12:086][  0]LogTemp:Display: Loaded TP TVOSTargetPlatform
[2017.05.23-22.08.12:120][  0]LogTemp:Display: Loaded TP LinuxClientTargetPlatform
[2017.05.23-22.08.12:157][  0]LogTemp:Display: Loaded TP LinuxNoEditorTargetPlatform
[2017.05.23-22.08.12:194][  0]LogTemp:Display: Loaded TP LinuxServerTargetPlatform
[2017.05.23-22.08.12:238][  0]LogTemp:Display: Loaded TP LinuxTargetPlatform
[2017.05.23-22.08.12:238][  0]LogTargetPlatformManager:Display: Building Assets For Windows
[2017.05.23-22.08.13:272][  0]LogDerivedDataCache:Display: Max Cache Size: 512 MB
[2017.05.23-22.08.13:738][  0]LogDerivedDataCache: Loaded boot cache 0.44s 50MB C:/Users/baxter/AppData/Local/UnrealEngine/4.15/DerivedDataCache/Boot.ddc.
[2017.05.23-22.08.13:738][  0]LogDerivedDataCache:Display: Loaded Boot cache: C:/Users/baxter/AppData/Local/UnrealEngine/4.15/DerivedDataCache/Boot.ddc
[2017.05.23-22.08.13:738][  0]LogDerivedDataCache: FDerivedDataBackendGraph:  Pak pak cache file C:/Users/baxter/Documents/UnrealProjects/LevelGen/DerivedDataCache/DDC.ddp not found, will not use a pak cache.
[2017.05.23-22.08.13:738][  0]LogDerivedDataCache: Unable to find inner node Pak for hierarchical cache Hierarchy.
[2017.05.23-22.08.13:738][  0]LogDerivedDataCache: FDerivedDataBackendGraph:  CompressedPak pak cache file C:/Users/baxter/Documents/UnrealProjects/LevelGen/DerivedDataCache/Compressed.ddp not found, will not use a pak cache.
[2017.05.23-22.08.13:738][  0]LogDerivedDataCache: Unable to find inner node CompressedPak for hierarchical cache Hierarchy.
[2017.05.23-22.08.13:844][  0]LogDerivedDataCache:Display: Pak cache opened for reading ../../../Engine/DerivedDataCache/Compressed.ddp.
[2017.05.23-22.08.13:879][  0]LogDerivedDataCache: Using Local data cache path C:/Users/baxter/AppData/Local/UnrealEngine/Common/DerivedDataCache: Writable
[2017.05.23-22.08.14:188][  0]LogSlate: Using Freetype 2.6.0
[2017.05.23-22.08.14:389][  0]LogSlate: SlateFontCache - WITH_FREETYPE: 1, WITH_HARFBUZZ: 1
[2017.05.23-22.08.14:389][  0]LogSlate: SlateFontCache - WITH_FREETYPE: 1, WITH_HARFBUZZ: 1
[2017.05.23-22.08.22:981][  0]LogInit: Selected Device Profile: [Windows]
[2017.05.23-22.08.23:039][  0]LogContentStreaming: Texture pool size is 0.00 MB
[2017.05.23-22.08.23:835][  0]LogMeshUtilities: Using QuadricMeshReduction for automatic static mesh reduction
[2017.05.23-22.08.23:936][  0]LogSimplygon: Simplygon DLL not present - disabling.
[2017.05.23-22.08.24:003][  0]LogMeshUtilities: Using SimplygonSwarm for distributed automatic mesh merging
[2017.05.23-22.08.24:003][  0]LogMeshUtilities: No automatic skeletal mesh reduction module available
[2017.05.23-22.08.24:003][  0]LogMeshUtilities: No automatic mesh merging module available
[2017.05.23-22.08.29:232][  0]LogNetVersion: GetLocalNetworkVersion: CL: 3299760, ProjectName: levelgen, ProjectVersion: , EngineNetworkVersion: 2, GameNetworkVersion: 0, NetworkChecksum: 3670768004
[2017.05.23-22.08.29:451][  0]LogAssetRegistry: FAssetRegistry took 0.0269 seconds to start up
[2017.05.23-22.08.29:605][  0]LogPackageLocalizationCache: Processed 3 localized package path(s) for 2 prioritized culture(s) in 0.067068 seconds
[2017.05.23-22.08.29:638][  0]LogUObjectArray: 32493 objects as part of root set at end of initial load.
[2017.05.23-22.08.29:638][  0]LogUObjectAllocator: 7077032 out of 0 bytes used by permanent object pool.
[2017.05.23-22.08.29:638][  0]LogUObjectArray: CloseDisregardForGC: 0/0 objects in disregard for GC pool
[2017.05.23-22.08.29:738][  0]LogInit: WinSock: version 1.1 (2.2), MaxSocks=32767, MaxUdp=65467
[2017.05.23-22.08.47:877][  0]LogTcpMessaging: Initializing TcpMessaging bridge
[2017.05.23-22.08.47:927][  0]LogUdpMessaging: Initializing bridge on interface 0.0.0.0:0 to multicast group 230.0.0.1:6666.
[2017.05.23-22.08.49:434][  0]LogMaterial: Uniform references updated for custom material expression Custom.
[2017.05.23-22.08.50:157][  0]SourceControl: Info Source control is disabled
[2017.05.23-22.08.50:179][  0]SourceControl: Info Source control is disabled
[2017.05.23-22.08.50:264][  0]SourceControl: Info Source control is disabled
[2017.05.23-22.08.50:321][  0]SourceControl: Info Source control is disabled
[2017.05.23-22.08.52:605][  0]LogEngine: Initializing Engine...
[2017.05.23-22.08.52:606][  0]LogHMD: Failed to initialize OpenVR with code 110
[2017.05.23-22.08.53:095][  0]LogStats: UGameplayTagsManager::ConstructGameplayTagTree: Construct from data asset -  0.000 s
[2017.05.23-22.08.53:114][  0]LogStats: UGameplayTagsManager::ConstructGameplayTagTree: GameplayTagTreeChangedEvent.Broadcast -  0.000 s
[2017.05.23-22.08.53:556][  0]LogAIModule: Creating AISystem for world Untitled
[2017.05.23-22.08.53:709][  0]LogInit: XAudio2 using 'Speakers (ASUS Xonar DX Audio Device)' : 2 channels at 44.1 kHz using 16 bits per sample (channel mask 0x3)
[2017.05.23-22.08.53:731][  0]LogInit: FAudioDevice initialized.
[2017.05.23-22.08.53:752][  0]LogDerivedDataCache: Saved boot cache 0.02s 50MB C:/Users/baxter/AppData/Local/UnrealEngine/4.15/DerivedDataCache/Boot.ddc.
[2017.05.23-22.08.53:758][  0]LogInit: Texture streaming: Enabled
[2017.05.23-22.08.54:038][  0]LogEngineSessionManager: EngineSessionManager initialized
[2017.05.23-22.08.54:038][  0]LogEngineSessionManager: EngineSessionManager sent abnormal shutdown report. Type=Debugger, SessionId={EE2BB2A6-428D-69FE-A09F-8BA9B7ED3BC9}
[2017.05.23-22.08.54:038][  0]LogEngineSessionManager: EngineSessionManager sent abnormal shutdown report. Type=Debugger, SessionId={92FCA215-48B9-5B96-7BF4-F49814F99D7B}
[2017.05.23-22.08.54:242][  0]LogInit: Transaction tracking system initialized
[2017.05.23-22.08.54:870][  0]BlueprintLog: New page: Editor Load
[2017.05.23-22.08.56:439][  0]LocalizationService: Info Localization service is disabled
[2017.05.23-22.08.57:488][  0]LogConsoleResponse:Display: 
[2017.05.23-22.08.58:861][  0]LogFileCache: Scanning file cache for directory 'C:/Users/baxter/Documents/UnrealProjects/LevelGen/Content/' took 0.01s
[2017.05.23-22.08.58:862][  0]LogCook:Display: Max memory allowance for cook 16384mb min free memory 0mb
[2017.05.23-22.08.58:862][  0]LogCook:Display: Mobile HDR setting 1
[2017.05.23-22.09.01:247][  0]SourceControl: Info Source control is disabled
[2017.05.23-22.09.01:285][  0]Cmd: MAP LOAD FILE="C:/Users/baxter/Documents/UnrealProjects/LevelGen/Content/TopDownCPP/Maps/ExampleMap.umap" TEMPLATE=0 SHOWPROGRESS=1 FEATURELEVEL=3
[2017.05.23-22.09.01:290][  0]LightingResults: New page: Lighting Build
[2017.05.23-22.09.01:489][  0]MapCheck: New page: Map Check
[2017.05.23-22.09.01:490][  0]LightingResults: New page: Lighting Build
[2017.05.23-22.09.02:824][  0]LogAIModule: Creating AISystem for world ExampleMap
[2017.05.23-22.09.03:334][  0]LogEditorServer: Finished looking for orphan Actors (0.000 secs)
[2017.05.23-22.09.03:373][  0]Cmd: MAP CHECKDEP NOCLEARLOG
[2017.05.23-22.09.03:450][  0]MapCheck: Info Map check complete: 0 Error(s), 0 Warning(s), took 77.416ms to complete.
[2017.05.23-22.09.03:450][  0]LogFileHelpers: Loading map 'ExampleMap' took 2.171
[2017.05.23-22.09.04:274][  0]LogWindowsTextInputMethodSystem:Display: IME system now deactivated.
[2017.05.23-22.09.04:866][  0]LogCollectionManager: Loaded 0 collections in 0.000824 seconds
[2017.05.23-22.09.05:005][  0]LogFileCache: Scanning file cache for directory 'C:/Users/baxter/Documents/UnrealProjects/LevelGen/Saved/Collections/' took 0.01s
[2017.05.23-22.09.05:005][  0]LogFileCache: Scanning file cache for directory 'C:/Users/baxter/Documents/UnrealProjects/LevelGen/Content/Developers/baxter/Collections/' took 0.01s
[2017.05.23-22.09.05:005][  0]LogFileCache: Scanning file cache for directory 'C:/Users/baxter/Documents/UnrealProjects/LevelGen/Content/Collections/' took 0.01s
[2017.05.23-22.09.05:005][  0]LogCollectionManager: Rebuilt the GUID cache for 0 collections in 0.000002 seconds
[2017.05.23-22.09.05:032][  0]LogContentBrowser: Native class hierarchy populated in 0.0253 seconds. Added 2249 classes and 456 folders.
[2017.05.23-22.09.05:099][  0]LogContentBrowser: Native class hierarchy updated for 'WidgetCarousel' in 0.0014 seconds. Added 0 classes and 0 folders.
[2017.05.23-22.09.06:331][  0]LogContentBrowser: Native class hierarchy updated for 'AddContentDialog' in 0.0013 seconds. Added 0 classes and 0 folders.
[2017.05.23-22.09.07:278][  0]LogContentBrowser: Native class hierarchy updated for 'SceneOutliner' in 0.0039 seconds. Added 1 classes and 2 folders.
[2017.05.23-22.09.07:418][  0]LogCrashTracker: Crashtracker disabled due to settings.
[2017.05.23-22.09.07:575][  0]LogUObjectGlobals:Warning: Failed to find object 'Class None.'
[2017.05.23-22.09.07:745][  0]LogContentBrowser: Native class hierarchy updated for 'HierarchicalLODOutliner' in 0.0016 seconds. Added 1 classes and 2 folders.
[2017.05.23-22.09.07:745][  0]LogLoad: (Engine Initialization) Total time: 79.15 seconds
[2017.05.23-22.09.07:745][  0]LogLoad: (Engine Initialization) Total Blueprint compile time: 0.51 seconds
[2017.05.23-22.09.07:745][  0]LogExternalProfiler: Found external profiler: VSPerf
[2017.05.23-22.09.07:745][  0]LogExternalProfiler: Using external profiler: VSPerf
[2017.05.23-22.09.07:764][  0]LogOcInput: OculusInput pre-init called
[2017.05.23-22.09.07:978][  0]LogContentStreaming: Texture pool size now 3000 MB
[2017.05.23-22.09.08:111][  0]LogSlate: Took 0.022074 seconds to synchronously load lazily loaded font '../../../Engine/Content/Slate/Fonts/Roboto-Regular.ttf' (155K)
[2017.05.23-22.09.08:151][  0]LogSlate: Took 0.018834 seconds to synchronously load lazily loaded font '../../../Engine/Content/Slate/Fonts/Roboto-Bold.ttf' (160K)
[2017.05.23-22.09.08:204][  0]LogSlate: Took 0.020947 seconds to synchronously load lazily loaded font '../../../Engine/Content/Editor/Slate/Fonts/FontAwesome.ttf' (139K)
[2017.05.23-22.09.08:213][  0]LogSlate: Took 0.008570 seconds to synchronously load lazily loaded font '../../../Engine/Content/Editor/Slate/Fonts/DroidSansMono.ttf' (77K)
[2017.05.23-22.09.08:519][  0]LogRenderer: Reallocating scene render targets to support 1004x580 NumSamples 1 (Frame:2).
[2017.05.23-22.09.09:065][  3]LogAssetRegistry: Asset discovery search completed in 39.6383 seconds
[2017.05.23-22.09.09:066][  3]LogCollectionManager: Rebuilt the object cache for 0 collections in 0.000005 seconds (found 0 objects)
[2017.05.23-22.09.09:066][  3]LogCollectionManager: Fixed up redirectors for 0 collections in 0.000151 seconds (updated 0 objects)
[2017.05.23-22.09.13:513][448]LogTemp: Repeting last play command: Simulate
[2017.05.23-22.09.13:519][448]LogBlueprintUserMessages: Early PlayInEditor Detection: Level '/Game/TopDownCPP/Maps/ExampleMap.ExampleMap:PersistentLevel' has LevelScriptBlueprint '/Game/TopDownCPP/Maps/ExampleMap.ExampleMap:PersistentLevel.ExampleMap' with GeneratedClass '/Game/TopDownCPP/Maps/ExampleMap.ExampleMap_C' with ClassGeneratedBy '/Game/TopDownCPP/Maps/ExampleMap.ExampleMap:PersistentLevel.ExampleMap'
[2017.05.23-22.09.13:520][448]LogPlayLevel: PlayLevel: No blueprints needed recompiling
[2017.05.23-22.09.13:542][448]PIE: New page: SIE session: ExampleMap (24 May 2017 00:09:13)
[2017.05.23-22.09.13:563][448]LogPlayLevel: Creating play world package: /Game/TopDownCPP/Maps/UEDPIE_0_ExampleMap
[2017.05.23-22.09.13:594][448]LogPlayLevel: PIE: StaticDuplicateObject took: (0.030675s)
[2017.05.23-22.09.13:595][448]LogAIModule: Creating AISystem for world ExampleMap
[2017.05.23-22.09.13:595][448]LogPlayLevel: PIE: World Init took: (0.000754s)
[2017.05.23-22.09.13:595][448]LogPlayLevel: PIE: Created PIE world by copying editor world from /Game/TopDownCPP/Maps/ExampleMap.ExampleMap to /Game/TopDownCPP/Maps/UEDPIE_0_ExampleMap.ExampleMap (0.052492s)
[2017.05.23-22.09.13:607][448]LogInit: XAudio2 using 'Speakers (ASUS Xonar DX Audio Device)' : 2 channels at 44.1 kHz using 16 bits per sample (channel mask 0x3)
[2017.05.23-22.09.13:611][448]LogInit: FAudioDevice initialized.
[2017.05.23-22.09.13:680][448]LogLoad: Game class is 'GameModeBase'
[2017.05.23-22.09.13:734][448]LogWorld: Bringing World /Game/TopDownCPP/Maps/UEDPIE_0_ExampleMap.ExampleMap up for play (max tick rate 0) at 2017.05.23-23.09.13
[2017.05.23-22.09.13:752][448]LogWorld: Bringing up level for play took: 0.019510
[2017.05.23-22.09.13:966][448]LogContentBrowser: Native class hierarchy updated for 'MovieSceneCapture' in 0.0016 seconds. Added 11 classes and 0 folders.
[2017.05.23-22.09.13:967][448]Generator: //////////////////////////////
[2017.05.23-22.09.13:967][448]Generator: ////// BEGIN GENERATOR //////
[2017.05.23-22.09.13:967][448]Generator: //////////////////////////////
[2017.05.23-22.09.13:967][448]Generator: ============================================
[2017.05.23-22.09.13:967][448]Generator: ===== GenerateLevel() - Iteration: 1 ======
[2017.05.23-22.09.13:968][448]Generator: ============================================
[2017.05.23-22.09.13:968][448]Generator: ============================================
[2017.05.23-22.09.13:968][448]Generator: ===== GenerateLevel() - Iteration: 2 ======
[2017.05.23-22.09.13:968][448]Generator: ============================================
[2017.05.23-22.09.13:969][448]Generator: ============================================
[2017.05.23-22.09.13:969][448]Generator: ===== GenerateLevel() - Iteration: 3 ======
[2017.05.23-22.09.13:969][448]Generator: ============================================
[2017.05.23-22.09.13:969][448]Generator: ============================================
[2017.05.23-22.09.13:970][448]Generator: ===== GenerateLevel() - Iteration: 4 ======
[2017.05.23-22.09.13:970][448]Generator: ============================================
[2017.05.23-22.09.13:970][448]Generator: ============================================
[2017.05.23-22.09.13:970][448]Generator: ===== GenerateLevel() - Iteration: 5 ======
[2017.05.23-22.09.13:970][448]Generator: ============================================
[2017.05.23-22.09.13:971][448]Generator: ////////////////////////////
[2017.05.23-22.09.13:971][448]Generator: ////// END GENERATOR //////
[2017.05.23-22.09.13:971][448]Generator: ////////////////////////////
[2017.05.23-22.09.13:983][448]PIE: Info Play in editor start time for /Game/TopDownCPP/Maps/UEDPIE_0_ExampleMap 0.262
[2017.05.23-22.09.13:992][448]LogBlueprintUserMessages: Late PlayInEditor Detection: Level '/Game/TopDownCPP/Maps/ExampleMap.ExampleMap:PersistentLevel' has LevelScriptBlueprint '/Game/TopDownCPP/Maps/ExampleMap.ExampleMap:PersistentLevel.ExampleMap' with GeneratedClass '/Game/TopDownCPP/Maps/ExampleMap.ExampleMap_C' with ClassGeneratedBy '/Game/TopDownCPP/Maps/ExampleMap.ExampleMap:PersistentLevel.ExampleMap'
[2017.05.23-22.09.37:856][292]LogBlueprintUserMessages: Early EndPlayMap Detection: Level '/Game/TopDownCPP/Maps/ExampleMap.ExampleMap:PersistentLevel' has LevelScriptBlueprint '/Game/TopDownCPP/Maps/ExampleMap.ExampleMap:PersistentLevel.ExampleMap' with GeneratedClass '/Game/TopDownCPP/Maps/ExampleMap.ExampleMap_C' with ClassGeneratedBy '/Game/TopDownCPP/Maps/ExampleMap.ExampleMap:PersistentLevel.ExampleMap'
[2017.05.23-22.09.37:906][292]LogBlueprintUserMessages: Late EndPlayMap Detection: Level '/Game/TopDownCPP/Maps/ExampleMap.ExampleMap:PersistentLevel' has LevelScriptBlueprint '/Game/TopDownCPP/Maps/ExampleMap.ExampleMap:PersistentLevel.ExampleMap' with GeneratedClass '/Game/TopDownCPP/Maps/ExampleMap.ExampleMap_C' with ClassGeneratedBy '/Game/TopDownCPP/Maps/ExampleMap.ExampleMap:PersistentLevel.ExampleMap'
[2017.05.23-22.09.38:477][359]LogTemp: Repeting last play command: Simulate
[2017.05.23-22.09.38:484][359]LogBlueprintUserMessages: Early PlayInEditor Detection: Level '/Game/TopDownCPP/Maps/ExampleMap.ExampleMap:PersistentLevel' has LevelScriptBlueprint '/Game/TopDownCPP/Maps/ExampleMap.ExampleMap:PersistentLevel.ExampleMap' with GeneratedClass '/Game/TopDownCPP/Maps/ExampleMap.ExampleMap_C' with ClassGeneratedBy '/Game/TopDownCPP/Maps/ExampleMap.ExampleMap:PersistentLevel.ExampleMap'
[2017.05.23-22.09.38:484][359]LogPlayLevel: PlayLevel: No blueprints needed recompiling
[2017.05.23-22.09.38:484][359]PIE: New page: SIE session: ExampleMap (24 May 2017 00:09:38)
[2017.05.23-22.09.38:484][359]LogPlayLevel: Creating play world package: /Game/TopDownCPP/Maps/UEDPIE_0_ExampleMap
[2017.05.23-22.09.38:497][359]LogPlayLevel: PIE: StaticDuplicateObject took: (0.012346s)
[2017.05.23-22.09.38:498][359]LogAIModule: Creating AISystem for world ExampleMap
[2017.05.23-22.09.38:498][359]LogPlayLevel: PIE: World Init took: (0.000975s)
[2017.05.23-22.09.38:498][359]LogPlayLevel: PIE: Created PIE world by copying editor world from /Game/TopDownCPP/Maps/ExampleMap.ExampleMap to /Game/TopDownCPP/Maps/UEDPIE_0_ExampleMap.ExampleMap (0.014141s)
[2017.05.23-22.09.38:509][359]LogInit: XAudio2 using 'Speakers (ASUS Xonar DX Audio Device)' : 2 channels at 44.1 kHz using 16 bits per sample (channel mask 0x3)
[2017.05.23-22.09.38:512][359]LogInit: FAudioDevice initialized.
[2017.05.23-22.09.38:548][359]LogLoad: Game class is 'GameModeBase'
[2017.05.23-22.09.38:549][359]LogWorld: Bringing World /Game/TopDownCPP/Maps/UEDPIE_0_ExampleMap.ExampleMap up for play (max tick rate 0) at 2017.05.23-23.09.38
[2017.05.23-22.09.38:549][359]LogWorld: Bringing up level for play took: 0.000780
[2017.05.23-22.09.38:550][359]Generator: //////////////////////////////
[2017.05.23-22.09.38:550][359]Generator: ////// BEGIN GENERATOR //////
[2017.05.23-22.09.38:550][359]Generator: //////////////////////////////
[2017.05.23-22.09.38:550][359]Generator: ============================================
[2017.05.23-22.09.38:550][359]Generator: ===== GenerateLevel() - Iteration: 1 ======
[2017.05.23-22.09.38:551][359]Generator: ============================================
[2017.05.23-22.09.38:551][359]Generator: ============================================
[2017.05.23-22.09.38:551][359]Generator: ===== GenerateLevel() - Iteration: 2 ======
[2017.05.23-22.09.38:551][359]Generator: ============================================
[2017.05.23-22.09.38:551][359]Generator: ============================================
[2017.05.23-22.09.38:552][359]Generator: ===== GenerateLevel() - Iteration: 3 ======
[2017.05.23-22.09.38:552][359]Generator: ============================================
[2017.05.23-22.09.38:552][359]Generator: ============================================
[2017.05.23-22.09.38:552][359]Generator: ===== GenerateLevel() - Iteration: 4 ======
[2017.05.23-22.09.38:552][359]Generator: ============================================
[2017.05.23-22.09.38:553][359]Generator: ============================================
[2017.05.23-22.09.38:553][359]Generator: ===== GenerateLevel() - Iteration: 5 ======
[2017.05.23-22.09.38:553][359]Generator: ============================================
[2017.05.23-22.09.38:553][359]Generator: ////////////////////////////
[2017.05.23-22.09.38:553][359]Generator: ////// END GENERATOR //////
[2017.05.23-22.09.38:553][359]Generator: ////////////////////////////
[2017.05.23-22.09.38:553][359]PIE: Info Play in editor start time for /Game/TopDownCPP/Maps/UEDPIE_0_ExampleMap 0.832
[2017.05.23-22.09.38:556][359]LogBlueprintUserMessages: Late PlayInEditor Detection: Level '/Game/TopDownCPP/Maps/ExampleMap.ExampleMap:PersistentLevel' has LevelScriptBlueprint '/Game/TopDownCPP/Maps/ExampleMap.ExampleMap:PersistentLevel.ExampleMap' with GeneratedClass '/Game/TopDownCPP/Maps/ExampleMap.ExampleMap_C' with ClassGeneratedBy '/Game/TopDownCPP/Maps/ExampleMap.ExampleMap:PersistentLevel.ExampleMap'
[2017.05.23-22.09.46:777][339]LogEditorViewport: Clicking on Actor (LMB): LevelModule (LevelModule1)
[2017.05.23-22.09.58:822][725]LogEditorViewport: Clicking on Actor (LMB): LevelModule (LevelModule9)
[2017.05.23-22.10.00:514][924]LogEditorViewport: Clicking Background
[2017.05.23-22.10.00:866][966]LogEditorViewport: Clicking Background
[2017.05.23-22.10.01:250][ 12]LogEditorViewport: Clicking on Actor (LMB): LevelModule (LevelModule1)
[2017.05.23-22.12.05:511][896]LogSlate: Took 0.018158 seconds to synchronously load lazily loaded font '../../../Engine/Content/Slate/Fonts/Roboto-Light.ttf' (159K)
[2017.05.23-23.06.58:807][402]LogBlueprintUserMessages: Early EndPlayMap Detection: Level '/Game/TopDownCPP/Maps/ExampleMap.ExampleMap:PersistentLevel' has LevelScriptBlueprint '/Game/TopDownCPP/Maps/ExampleMap.ExampleMap:PersistentLevel.ExampleMap' with GeneratedClass '/Game/TopDownCPP/Maps/ExampleMap.ExampleMap_C' with ClassGeneratedBy '/Game/TopDownCPP/Maps/ExampleMap.ExampleMap:PersistentLevel.ExampleMap'
[2017.05.23-23.06.58:840][402]LogBlueprintUserMessages: Late EndPlayMap Detection: Level '/Game/TopDownCPP/Maps/ExampleMap.ExampleMap:PersistentLevel' has LevelScriptBlueprint '/Game/TopDownCPP/Maps/ExampleMap.ExampleMap:PersistentLevel.ExampleMap' with GeneratedClass '/Game/TopDownCPP/Maps/ExampleMap.ExampleMap_C' with ClassGeneratedBy '/Game/TopDownCPP/Maps/ExampleMap.ExampleMap:PersistentLevel.ExampleMap'
[2017.05.23-23.06.59:038][403]Cmd: QUIT_EDITOR
[2017.05.23-23.06.59:560][403]LogWindowsTextInputMethodSystem:Display: IME system now deactivated.
[2017.05.23-23.06.59:598][403]LogExit: Preparing to exit.
