Log file open, 05/23/17 04:47:03
LogInit:Display: Running engine for game: LevelGen
LogPlatformFile: Not using cached read wrapper
LogInit:Display: RandInit(-109662989) SRandInit(-109662989).
LogTaskGraph: Started task graph with 5 named threads and 8 total threads with 1 sets of task threads.
LogStats: Stats thread started at 3.959655
LogInit: Using libcurl 7.47.1
LogInit:  - built for x86_64-pc-win32
LogInit:  - supports SSL with OpenSSL/1.0.2g
LogInit:  - supports HTTP deflate (compression) using libz 1.2.8
LogInit:  - other features:
LogInit:      CURL_VERSION_SSL
LogInit:      CURL_VERSION_LIBZ
LogInit:      CURL_VERSION_IPV6
LogInit:      CURL_VERSION_ASYNCHDNS
LogInit:      CURL_VERSION_LARGEFILE
LogInit:      CURL_VERSION_IDN
LogInit:  CurlRequestOptions (configurable via config and command line):
LogInit:  - bVerifyPeer = false  - Libcurl will NOT verify peer certificate
LogInit:  - bUseHttpProxy = false  - Libcurl will NOT use HTTP proxy
LogInit:  - bDontReuseConnections = false  - Libcurl will reuse connections
LogInit:  - CertBundlePath = nullptr  - Libcurl will use whatever was configured at build time.
LogInit: Build: ++UE4+Release-4.15-CL-3416026
LogInit: Engine Version: 4.15.2-3416026+++UE4+Release-4.15
LogInit: Compatible Engine Version: 4.15.0-3299760+++UE4+Release-4.15
LogInit: Net CL: 3299760
LogDevObjectVersion: Number of dev versions registered: 14
LogDevObjectVersion:   Dev-Blueprints (B0D832E4-1F89-4F0D-ACCF-7EB736FD4AA2): 8
LogDevObjectVersion:   Dev-Build (E1C64328-A22C-4D53-A36C-8E866417BD8C): 0
LogDevObjectVersion:   Dev-Core (375EC13C-06E4-48FB-B500-84F0262A717E): 2
LogDevObjectVersion:   Dev-Editor (E4B068ED-F494-42E9-A231-DA0B2E46BB41): 14
LogDevObjectVersion:   Dev-Framework (CFFC743F-43B0-4480-9391-14DF171D2073): 22
LogDevObjectVersion:   Dev-Mobile (B02B49B5-BB20-44E9-A304-32B752E40360): 0
LogDevObjectVersion:   Dev-Networking (A4E4105C-59A1-49B5-A7C5-40C4547EDFEE): 0
LogDevObjectVersion:   Dev-Online (39C831C9-5AE6-47DC-9A44-9C173E1C8E7C): 0
LogDevObjectVersion:   Dev-Physics (78F01B33-EBEA-4F98-B9B4-84EACCB95AA2): 0
LogDevObjectVersion:   Dev-Platform (6631380F-2D4D-43E0-8009-CF276956A95A): 0
LogDevObjectVersion:   Dev-Rendering (12F88B9F-8875-4AFC-A67C-D90C383ABD29): 12
LogDevObjectVersion:   Dev-Sequencer (7B5AE74C-D270-4C10-A958-57980B212A5A): 3
LogDevObjectVersion:   Dev-VR (D7296918-1DD6-4BDD-9DE2-64A83CC13884): 0
LogDevObjectVersion:   Dev-LoadTimes (C2A15278-BFE7-4AFE-6C17-90FF531DF755): 1
LogInit: Compiled (64-bit): May  1 2017 13:11:28
LogInit: Compiled with Visual C++: 19.00.23026.00
LogInit: Build Configuration: DebugGame
LogInit: Branch Name: ++UE4+Release-4.15
LogInit: Command line:  -debug
LogInit: Base directory: D:/Program Files/UE_4.15/Engine/Binaries/Win64/
LogInit: Installed Engine Build: 1
LogInit: Presizing for max 8388607 objects, including 0 objects not considered by GC, pre-allocating 0 bytes for permanent pool.
LogInit: Object subsystem initialized
[2017.05.23-03.47.05:316][  0]LogInit: Selected Device Profile: [Windows]
[2017.05.23-03.47.05:316][  0]LogInit: Applying CVar settings loaded from the selected device profile: [Windows]
[2017.05.23-03.47.05:405][  0]LogInit: Computer: JFB
[2017.05.23-03.47.05:405][  0]LogInit: User: baxter
[2017.05.23-03.47.05:405][  0]LogInit: CPU Page size=65536, Cores=4
[2017.05.23-03.47.05:405][  0]LogInit: High frequency timer resolution =3.320306 MHz
[2017.05.23-03.47.05:405][  0]LogMemory: Memory total: Physical=15.9GB (16GB approx)
[2017.05.23-03.47.05:405][  0]LogMemory: Platform Memory Stats for Windows
[2017.05.23-03.47.05:405][  0]LogMemory: Process Physical Memory: 265.36 MB used, 265.36 MB peak
[2017.05.23-03.47.05:405][  0]LogMemory: Process Virtual Memory: 263.57 MB used, 263.57 MB peak
[2017.05.23-03.47.05:405][  0]LogMemory: Physical Memory: 7824.10 MB used,  8497.28 MB free, 16321.38 MB total
[2017.05.23-03.47.05:405][  0]LogMemory: Virtual Memory: 643.74 MB used,  8497.28 MB free, 134217728.00 MB total
[2017.05.23-03.47.06:231][  0]LogTextLocalizationManager: No specific translations for ('en-GB') exist, so ('en') translations will be used.
[2017.05.23-03.47.10:659][  0]LogD3D11RHI: D3D11 adapters:
[2017.05.23-03.47.10:703][  0]LogD3D11RHI:    0. 'NVIDIA GeForce GTX 1070' (Feature Level 11_0)
[2017.05.23-03.47.10:703][  0]LogD3D11RHI:       8119/0/8160 MB DedicatedVideo/DedicatedSystem/SharedSystem, Outputs:1, VendorId:0x10de
[2017.05.23-03.47.10:707][  0]LogD3D11RHI:    1. 'Microsoft Basic Render Driver' (Feature Level 11_0)
[2017.05.23-03.47.10:707][  0]LogD3D11RHI:       0/0/8160 MB DedicatedVideo/DedicatedSystem/SharedSystem, Outputs:0, VendorId:0x1414
[2017.05.23-03.47.10:707][  0]LogD3D11RHI: Chosen D3D11 Adapter: 0
[2017.05.23-03.47.10:729][  0]LogD3D11RHI: Creating new Direct3DDevice
[2017.05.23-03.47.10:729][  0]LogD3D11RHI:     GPU DeviceId: 0x1b81 (for the marketing name, search the web for "GPU Device Id")
[2017.05.23-03.47.10:729][  0]LogWindows: EnumDisplayDevices:
[2017.05.23-03.47.10:729][  0]LogWindows:    0. 'NVIDIA GeForce GTX 1070' (P:1 D:1)
[2017.05.23-03.47.10:729][  0]LogWindows:    1. 'NVIDIA GeForce GTX 1070' (P:0 D:0)
[2017.05.23-03.47.10:730][  0]LogWindows:    2. 'NVIDIA GeForce GTX 1070' (P:0 D:0)
[2017.05.23-03.47.10:730][  0]LogWindows:    3. 'NVIDIA GeForce GTX 1070' (P:0 D:0)
[2017.05.23-03.47.10:730][  0]LogWindows: DebugString: FoundDriverCount:4 
[2017.05.23-03.47.10:730][  0]LogD3D11RHI:     Adapter Name: NVIDIA GeForce GTX 1070
[2017.05.23-03.47.10:730][  0]LogD3D11RHI:   Driver Version: 382.05 (internal:22.21.13.8205, unified:382.05)
[2017.05.23-03.47.10:730][  0]LogD3D11RHI:      Driver Date: 5-1-2017
[2017.05.23-03.47.10:730][  0]LogRHI: Texture pool is 1361 MB (70% of 1945 MB)
[2017.05.23-03.47.10:763][  0]LogD3D11RHI: [Aftermath] Aftermath enabled and primed
[2017.05.23-03.47.10:779][  0]LogD3D11RHI: Async texture creation enabled
[2017.05.23-03.47.11:176][  0]LogD3D11RHI: GPU Timing Frequency: 1000.000000 (Debug: 2 1)
[2017.05.23-03.47.11:272][  0]LogShaderCompilers: Guid format shader working directory is -2 characters bigger than the processId version (C:/Users/baxter/Documents/UnrealProjects/LevelGen/Intermediate/Shaders/WorkingDirectory/6836/).
[2017.05.23-03.47.11:272][  0]LogShaderCompilers: Cleaned the shader compiler working directory 'C:/Users/baxter/AppData/Local/Temp/UnrealShaderWorkingDir/68AB646346EC0C37EA3B17A272B5D6A6/'.
[2017.05.23-03.47.11:279][  0]LogShaderCompilers:Display: Using Local Shader Compiler.
[2017.05.23-03.47.16:326][  0]LogTemp:Display: Loaded TP AllDesktopTargetPlatform
[2017.05.23-03.47.16:373][  0]LogTemp:Display: Loaded TP MacClientTargetPlatform
[2017.05.23-03.47.16:408][  0]LogTemp:Display: Loaded TP MacNoEditorTargetPlatform
[2017.05.23-03.47.16:441][  0]LogTemp:Display: Loaded TP MacServerTargetPlatform
[2017.05.23-03.47.16:507][  0]LogTemp:Display: Loaded TP MacTargetPlatform
[2017.05.23-03.47.16:541][  0]LogTemp:Display: Loaded TP WindowsClientTargetPlatform
[2017.05.23-03.47.16:575][  0]LogTemp:Display: Loaded TP WindowsNoEditorTargetPlatform
[2017.05.23-03.47.16:611][  0]LogTemp:Display: Loaded TP WindowsServerTargetPlatform
[2017.05.23-03.47.16:638][  0]LogTemp:Display: Loaded TP WindowsTargetPlatform
[2017.05.23-03.47.16:687][  0]LogTemp:Display: Loaded TP AndroidTargetPlatform
[2017.05.23-03.47.16:720][  0]LogTemp:Display: Loaded TP Android_ASTCTargetPlatform
[2017.05.23-03.47.16:753][  0]LogTemp:Display: Loaded TP Android_ATCTargetPlatform
[2017.05.23-03.47.16:786][  0]LogTemp:Display: Loaded TP Android_DXTTargetPlatform
[2017.05.23-03.47.16:820][  0]LogTemp:Display: Loaded TP Android_ETC1TargetPlatform
[2017.05.23-03.47.16:854][  0]LogTemp:Display: Loaded TP Android_ETC2TargetPlatform
[2017.05.23-03.47.16:922][  0]LogTemp:Display: Loaded TP Android_MultiTargetPlatform
[2017.05.23-03.47.16:922][  0]LogTemp:Display: Loaded TP Android_PVRTCTargetPlatform
[2017.05.23-03.47.16:944][  0]LogTemp:Display: Loaded TP HTML5TargetPlatform
[2017.05.23-03.47.17:101][  0]LogTemp:Display: Loaded TP IOSTargetPlatform
[2017.05.23-03.47.17:126][  0]LogTemp:Display: Loaded TP TVOSTargetPlatform
[2017.05.23-03.47.17:159][  0]LogTemp:Display: Loaded TP LinuxClientTargetPlatform
[2017.05.23-03.47.17:192][  0]LogTemp:Display: Loaded TP LinuxNoEditorTargetPlatform
[2017.05.23-03.47.17:226][  0]LogTemp:Display: Loaded TP LinuxServerTargetPlatform
[2017.05.23-03.47.17:274][  0]LogTemp:Display: Loaded TP LinuxTargetPlatform
[2017.05.23-03.47.17:274][  0]LogTargetPlatformManager:Display: Building Assets For Windows
[2017.05.23-03.47.18:257][  0]LogDerivedDataCache:Display: Max Cache Size: 512 MB
[2017.05.23-03.47.18:758][  0]LogDerivedDataCache: Loaded boot cache 0.48s 52MB C:/Users/baxter/AppData/Local/UnrealEngine/4.15/DerivedDataCache/Boot.ddc.
[2017.05.23-03.47.18:758][  0]LogDerivedDataCache:Display: Loaded Boot cache: C:/Users/baxter/AppData/Local/UnrealEngine/4.15/DerivedDataCache/Boot.ddc
[2017.05.23-03.47.18:758][  0]LogDerivedDataCache: FDerivedDataBackendGraph:  Pak pak cache file C:/Users/baxter/Documents/UnrealProjects/LevelGen/DerivedDataCache/DDC.ddp not found, will not use a pak cache.
[2017.05.23-03.47.18:759][  0]LogDerivedDataCache: Unable to find inner node Pak for hierarchical cache Hierarchy.
[2017.05.23-03.47.18:759][  0]LogDerivedDataCache: FDerivedDataBackendGraph:  CompressedPak pak cache file C:/Users/baxter/Documents/UnrealProjects/LevelGen/DerivedDataCache/Compressed.ddp not found, will not use a pak cache.
[2017.05.23-03.47.18:759][  0]LogDerivedDataCache: Unable to find inner node CompressedPak for hierarchical cache Hierarchy.
[2017.05.23-03.47.18:854][  0]LogDerivedDataCache:Display: Pak cache opened for reading ../../../Engine/DerivedDataCache/Compressed.ddp.
[2017.05.23-03.47.18:896][  0]LogDerivedDataCache: Using Local data cache path C:/Users/baxter/AppData/Local/UnrealEngine/Common/DerivedDataCache: Writable
[2017.05.23-03.47.19:481][  0]LogSlate: Using Freetype 2.6.0
[2017.05.23-03.47.19:604][  0]LogSlate: SlateFontCache - WITH_FREETYPE: 1, WITH_HARFBUZZ: 1
[2017.05.23-03.47.19:604][  0]LogSlate: SlateFontCache - WITH_FREETYPE: 1, WITH_HARFBUZZ: 1
[2017.05.23-03.47.31:178][  0]LogInit: Selected Device Profile: [Windows]
[2017.05.23-03.47.31:336][  0]LogContentStreaming: Texture pool size is 0.00 MB
[2017.05.23-03.47.32:716][  0]LogMeshUtilities: Using QuadricMeshReduction for automatic static mesh reduction
[2017.05.23-03.47.32:776][  0]LogSimplygon: Simplygon DLL not present - disabling.
[2017.05.23-03.47.32:837][  0]LogMeshUtilities: Using SimplygonSwarm for distributed automatic mesh merging
[2017.05.23-03.47.32:837][  0]LogMeshUtilities: No automatic skeletal mesh reduction module available
[2017.05.23-03.47.32:837][  0]LogMeshUtilities: No automatic mesh merging module available
[2017.05.23-03.47.40:688][  0]LogNetVersion: GetLocalNetworkVersion: CL: 3299760, ProjectName: levelgen, ProjectVersion: , EngineNetworkVersion: 2, GameNetworkVersion: 0, NetworkChecksum: 3670768004
[2017.05.23-03.47.40:911][  0]LogAssetRegistry: FAssetRegistry took 0.0268 seconds to start up
[2017.05.23-03.47.41:246][  0]LogPackageLocalizationCache: Processed 3 localized package path(s) for 2 prioritized culture(s) in 0.266673 seconds
[2017.05.23-03.47.41:270][  0]LogUObjectArray: 32493 objects as part of root set at end of initial load.
[2017.05.23-03.47.41:270][  0]LogUObjectAllocator: 7077032 out of 0 bytes used by permanent object pool.
[2017.05.23-03.47.41:270][  0]LogUObjectArray: CloseDisregardForGC: 0/0 objects in disregard for GC pool
[2017.05.23-03.47.41:355][  0]LogInit: WinSock: version 1.1 (2.2), MaxSocks=32767, MaxUdp=65467
[2017.05.23-03.48.03:444][  0]LogTcpMessaging: Initializing TcpMessaging bridge
[2017.05.23-03.48.03:484][  0]LogUdpMessaging: Initializing bridge on interface 0.0.0.0:0 to multicast group 230.0.0.1:6666.
[2017.05.23-03.48.04:949][  0]LogMaterial: Uniform references updated for custom material expression Custom.
[2017.05.23-03.48.05:963][  0]SourceControl: Info Source control is disabled
[2017.05.23-03.48.05:965][  0]SourceControl: Info Source control is disabled
[2017.05.23-03.48.06:073][  0]SourceControl: Info Source control is disabled
[2017.05.23-03.48.06:109][  0]SourceControl: Info Source control is disabled
[2017.05.23-03.48.08:564][  0]LogEngine: Initializing Engine...
[2017.05.23-03.48.08:604][  0]LogHMD: Failed to initialize OpenVR with code 110
[2017.05.23-03.48.09:262][  0]LogStats: UGameplayTagsManager::ConstructGameplayTagTree: Construct from data asset -  0.000 s
[2017.05.23-03.48.09:264][  0]LogStats: UGameplayTagsManager::ConstructGameplayTagTree: GameplayTagTreeChangedEvent.Broadcast -  0.000 s
[2017.05.23-03.48.10:073][  0]LogAIModule: Creating AISystem for world Untitled
[2017.05.23-03.48.10:380][  0]LogInit: XAudio2 using 'Speakers (ASUS Xonar DX Audio Device)' : 2 channels at 44.1 kHz using 16 bits per sample (channel mask 0x3)
[2017.05.23-03.48.10:416][  0]LogInit: FAudioDevice initialized.
[2017.05.23-03.48.10:508][  0]LogDerivedDataCache: Saved boot cache 0.09s 50MB C:/Users/baxter/AppData/Local/UnrealEngine/4.15/DerivedDataCache/Boot.ddc.
[2017.05.23-03.48.10:518][  0]LogInit: Texture streaming: Enabled
[2017.05.23-03.48.10:760][  0]LogEngineSessionManager: EngineSessionManager initialized
[2017.05.23-03.48.10:774][  0]LogEngineSessionManager: EngineSessionManager sent abnormal shutdown report. Type=Debugger, SessionId={119247B1-43E0-21D4-10E0-D6BC44103FDD}
[2017.05.23-03.48.11:084][  0]LogInit: Transaction tracking system initialized
[2017.05.23-03.48.11:688][  0]BlueprintLog: New page: Editor Load
[2017.05.23-03.48.13:803][  0]LocalizationService: Info Localization service is disabled
[2017.05.23-03.48.15:176][  0]LogConsoleResponse:Display: 
[2017.05.23-03.48.17:042][  0]LogFileCache: Scanning file cache for directory 'C:/Users/baxter/Documents/UnrealProjects/LevelGen/Content/' took 0.02s
[2017.05.23-03.48.17:042][  0]LogCook:Display: Max memory allowance for cook 16384mb min free memory 0mb
[2017.05.23-03.48.17:042][  0]LogCook:Display: Mobile HDR setting 1
[2017.05.23-03.48.19:226][  0]SourceControl: Info Source control is disabled
[2017.05.23-03.48.19:285][  0]Cmd: MAP LOAD FILE="C:/Users/baxter/Documents/UnrealProjects/LevelGen/Content/TopDownCPP/Maps/ExampleMap.umap" TEMPLATE=0 SHOWPROGRESS=1 FEATURELEVEL=3
[2017.05.23-03.48.19:343][  0]LightingResults: New page: Lighting Build
[2017.05.23-03.48.19:783][  0]MapCheck: New page: Map Check
[2017.05.23-03.48.19:783][  0]LightingResults: New page: Lighting Build
[2017.05.23-03.48.23:079][  0]LogAIModule: Creating AISystem for world ExampleMap
[2017.05.23-03.48.24:026][  0]LogEditorServer: Finished looking for orphan Actors (0.000 secs)
[2017.05.23-03.48.24:127][  0]Cmd: MAP CHECKDEP NOCLEARLOG
[2017.05.23-03.48.24:215][  0]MapCheck: Info Map check complete: 0 Error(s), 0 Warning(s), took 87.368ms to complete.
[2017.05.23-03.48.24:215][  0]LogFileHelpers: Loading map 'ExampleMap' took 4.957
[2017.05.23-03.48.26:916][  0]LogCollectionManager: Loaded 0 collections in 0.001888 seconds
[2017.05.23-03.48.27:100][  0]LogFileCache: Scanning file cache for directory 'C:/Users/baxter/Documents/UnrealProjects/LevelGen/Saved/Collections/' took 0.01s
[2017.05.23-03.48.27:100][  0]LogFileCache: Scanning file cache for directory 'C:/Users/baxter/Documents/UnrealProjects/LevelGen/Content/Developers/baxter/Collections/' took 0.01s
[2017.05.23-03.48.27:100][  0]LogFileCache: Scanning file cache for directory 'C:/Users/baxter/Documents/UnrealProjects/LevelGen/Content/Collections/' took 0.01s
[2017.05.23-03.48.27:100][  0]LogCollectionManager: Rebuilt the GUID cache for 0 collections in 0.000002 seconds
[2017.05.23-03.48.27:153][  0]LogContentBrowser: Native class hierarchy populated in 0.0513 seconds. Added 2249 classes and 456 folders.
[2017.05.23-03.48.27:327][  0]LogContentBrowser: Native class hierarchy updated for 'WidgetCarousel' in 0.0017 seconds. Added 0 classes and 0 folders.
[2017.05.23-03.48.28:810][  0]LogContentBrowser: Native class hierarchy updated for 'AddContentDialog' in 0.0040 seconds. Added 0 classes and 0 folders.
[2017.05.23-03.48.30:226][  0]LogContentBrowser: Native class hierarchy updated for 'SceneOutliner' in 0.0020 seconds. Added 1 classes and 2 folders.
[2017.05.23-03.48.30:437][  0]LogCrashTracker: Crashtracker disabled due to settings.
[2017.05.23-03.48.30:812][  0]LogUObjectGlobals:Warning: Failed to find object 'Class None.'
[2017.05.23-03.48.31:055][  0]LogContentBrowser: Native class hierarchy updated for 'HierarchicalLODOutliner' in 0.0034 seconds. Added 1 classes and 2 folders.
[2017.05.23-03.48.31:055][  0]LogLoad: (Engine Initialization) Total time: 97.45 seconds
[2017.05.23-03.48.31:055][  0]LogLoad: (Engine Initialization) Total Blueprint compile time: 0.95 seconds
[2017.05.23-03.48.31:055][  0]LogExternalProfiler: Found external profiler: VSPerf
[2017.05.23-03.48.31:056][  0]LogExternalProfiler: Using external profiler: VSPerf
[2017.05.23-03.48.31:189][  0]LogOcInput: OculusInput pre-init called
[2017.05.23-03.48.32:065][  0]LogContentStreaming: Texture pool size now 3000 MB
[2017.05.23-03.48.32:362][  0]LogSlate: Took 0.016972 seconds to synchronously load lazily loaded font '../../../Engine/Content/Slate/Fonts/Roboto-Regular.ttf' (155K)
[2017.05.23-03.48.32:418][  0]LogSlate: Took 0.015569 seconds to synchronously load lazily loaded font '../../../Engine/Content/Slate/Fonts/Roboto-Bold.ttf' (160K)
[2017.05.23-03.48.32:513][  0]LogSlate: Took 0.024521 seconds to synchronously load lazily loaded font '../../../Engine/Content/Editor/Slate/Fonts/FontAwesome.ttf' (139K)
[2017.05.23-03.48.33:708][  0]LogRenderer: Reallocating scene render targets to support 1004x580 NumSamples 1 (Frame:2).
[2017.05.23-03.48.34:526][  1]LogSlate: Took 0.018737 seconds to synchronously load lazily loaded font '../../../Engine/Content/Slate/Fonts/Roboto-Light.ttf' (159K)
[2017.05.23-03.48.34:769][  3]LogAssetRegistry: Asset discovery search completed in 53.8832 seconds
[2017.05.23-03.48.34:770][  3]LogCollectionManager: Rebuilt the object cache for 0 collections in 0.000210 seconds (found 0 objects)
[2017.05.23-03.48.34:770][  3]LogCollectionManager: Fixed up redirectors for 0 collections in 0.000369 seconds (updated 0 objects)
[2017.05.23-03.48.47:419][285]LogTemp: Repeting last play command: Simulate
[2017.05.23-03.48.47:425][285]LogBlueprintUserMessages: Early PlayInEditor Detection: Level '/Game/TopDownCPP/Maps/ExampleMap.ExampleMap:PersistentLevel' has LevelScriptBlueprint '/Game/TopDownCPP/Maps/ExampleMap.ExampleMap:PersistentLevel.ExampleMap' with GeneratedClass '/Game/TopDownCPP/Maps/ExampleMap.ExampleMap_C' with ClassGeneratedBy '/Game/TopDownCPP/Maps/ExampleMap.ExampleMap:PersistentLevel.ExampleMap'
[2017.05.23-03.48.47:441][285]LogPlayLevel: PlayLevel: No blueprints needed recompiling
[2017.05.23-03.48.47:526][285]PIE: New page: SIE session: ExampleMap (23 May 2017 05:48:47)
[2017.05.23-03.48.47:536][285]LogPlayLevel: Creating play world package: /Game/TopDownCPP/Maps/UEDPIE_0_ExampleMap
[2017.05.23-03.48.47:664][285]LogPlayLevel: PIE: StaticDuplicateObject took: (0.126798s)
[2017.05.23-03.48.47:664][285]LogAIModule: Creating AISystem for world ExampleMap
[2017.05.23-03.48.47:664][285]LogPlayLevel: PIE: World Init took: (0.000741s)
[2017.05.23-03.48.47:681][285]LogPlayLevel: PIE: Created PIE world by copying editor world from /Game/TopDownCPP/Maps/ExampleMap.ExampleMap to /Game/TopDownCPP/Maps/UEDPIE_0_ExampleMap.ExampleMap (0.144630s)
[2017.05.23-03.48.47:839][285]LogInit: XAudio2 using 'Speakers (ASUS Xonar DX Audio Device)' : 2 channels at 44.1 kHz using 16 bits per sample (channel mask 0x3)
[2017.05.23-03.48.47:843][285]LogInit: FAudioDevice initialized.
[2017.05.23-03.48.47:935][285]LogLoad: Game class is 'GameModeBase'
[2017.05.23-03.48.48:087][285]LogWorld: Bringing World /Game/TopDownCPP/Maps/UEDPIE_0_ExampleMap.ExampleMap up for play (max tick rate 0) at 2017.05.23-04.48.48
[2017.05.23-03.48.48:110][285]LogWorld: Bringing up level for play took: 0.039522
[2017.05.23-03.48.48:366][285]LogContentBrowser: Native class hierarchy updated for 'MovieSceneCapture' in 0.0018 seconds. Added 11 classes and 0 folders.
[2017.05.23-03.48.48:401][285]LogInit: WinSock: Socket queue 131072 / 131072
[2017.05.23-03.48.48:409][285]LogInit: WinSock: I am jfb (192.168.1.65:0)
[2017.05.23-03.48.48:409][285]PacketHandlerLog: Loaded PacketHandler component: Engine.EngineHandlerComponentFactory (StatelessConnectHandlerComponent)
[2017.05.23-03.48.48:415][285]LogNet: GameNetDriver IpNetDriver_0 IpNetDriver listening on port 7777
[2017.05.23-03.48.48:482][285]Generator: //////////////////////////////
[2017.05.23-03.48.48:483][285]Generator: ////// BEGIN GENERATOR //////
[2017.05.23-03.48.48:483][285]Generator: //////////////////////////////
[2017.05.23-03.48.48:483][285]Generator: ============================================
[2017.05.23-03.48.48:483][285]Generator: ====== GenerateLevel(): Iteration: 1 ======
[2017.05.23-03.48.48:483][285]Generator: ============================================
[2017.05.23-03.48.48:516][285]PIE: Info Play in editor start time for /Game/TopDownCPP/Maps/UEDPIE_0_ExampleMap 1.041
[2017.05.23-03.48.48:535][285]LogBlueprintUserMessages: Late PlayInEditor Detection: Level '/Game/TopDownCPP/Maps/ExampleMap.ExampleMap:PersistentLevel' has LevelScriptBlueprint '/Game/TopDownCPP/Maps/ExampleMap.ExampleMap:PersistentLevel.ExampleMap' with GeneratedClass '/Game/TopDownCPP/Maps/ExampleMap.ExampleMap_C' with ClassGeneratedBy '/Game/TopDownCPP/Maps/ExampleMap.ExampleMap:PersistentLevel.ExampleMap'
[2017.05.23-03.48.48:617][285]Generator: GetNewTransform(): Connected LevelModule_1|-B to LevelModule_0|-A
[2017.05.23-03.48.50:458][465]Generator: ============================================
[2017.05.23-03.48.50:458][465]Generator: ====== GenerateLevel(): Iteration: 2 ======
[2017.05.23-03.48.50:458][465]Generator: ============================================
[2017.05.23-03.48.50:628][485]Generator: GetNewTransform(): Connected LevelModule_2|-B to LevelModule_0|-B
[2017.05.23-03.48.52:462][705]Generator: ============================================
[2017.05.23-03.48.52:462][705]Generator: ====== GenerateLevel(): Iteration: 3 ======
[2017.05.23-03.48.52:462][705]Generator: ============================================
[2017.05.23-03.48.53:566][837]Generator: GetNewTransform(): Connected LevelModule_3|-A to LevelModule_2|-A
[2017.05.23-03.48.54:466][945]Generator: ============================================
[2017.05.23-03.48.54:466][945]Generator: ====== GenerateLevel(): Iteration: 4 ======
[2017.05.23-03.48.54:466][945]Generator: ============================================
[2017.05.23-03.48.55:631][ 84]Generator: GetNewTransform(): Connected LevelModule_4|-A to LevelModule_2|-B
[2017.05.23-03.48.56:474][185]Generator: ============================================
[2017.05.23-03.48.56:474][185]Generator: ====== GenerateLevel(): Iteration: 5 ======
[2017.05.23-03.48.56:474][185]Generator: ============================================
[2017.05.23-03.48.58:480][424]Generator: ============================================
[2017.05.23-03.48.58:480][424]Generator: ====== GenerateLevel(): Iteration: 6 ======
[2017.05.23-03.48.58:480][424]Generator: ============================================
[2017.05.23-03.48.58:572][435]Generator: GetNewTransform(): Connected LevelModule_5|-B to LevelModule_4|-A
[2017.05.23-03.49.00:487][664]Generator: ============================================
[2017.05.23-03.49.00:487][664]Generator: ====== GenerateLevel(): Iteration: 7 ======
[2017.05.23-03.49.00:487][664]Generator: ============================================
[2017.05.23-03.49.01:513][779]Generator: GetNewTransform(): Connected LevelModule_6|-A to LevelModule_4|-B
[2017.05.23-03.49.02:492][894]Generator: ============================================
[2017.05.23-03.49.02:492][894]Generator: ====== GenerateLevel(): Iteration: 8 ======
[2017.05.23-03.49.02:492][894]Generator: ============================================
[2017.05.23-03.49.04:456][129]Generator: GetNewTransform(): Connected LevelModule_7|-B to LevelModule_6|-A
[2017.05.23-03.49.04:498][134]Generator: ////////////////////////////
[2017.05.23-03.49.04:498][134]Generator: ////// END GENERATOR //////
[2017.05.23-03.49.04:499][134]Generator: ////////////////////////////
[2017.05.23-03.49.07:517][496]Generator: GetNewTransform(): Connected LevelModule_8|-B to LevelModule_6|-B
[2017.05.23-03.49.09:709][759]Generator: GetNewTransform(): Connected LevelModule_9|-B to LevelModule_8|-A
[2017.05.23-03.49.13:697][ 93]Generator: GetNewTransform(): Connected LevelModule_10|-A to LevelModule_8|-B
[2017.05.23-03.49.16:750][409]Generator: GetNewTransform(): Connected LevelModule_11|-A to LevelModule_10|-A
[2017.05.23-03.49.19:843][780]Generator: GetNewTransform(): Connected LevelModule_12|-A to LevelModule_10|-B
[2017.05.23-03.49.20:985][917]Generator: GetNewTransform(): Connected LevelModule_13|-B to LevelModule_12|-A
[2017.05.23-03.49.22:127][ 54]Generator: GetNewTransform(): Connected LevelModule_14|-A to LevelModule_12|-B
[2017.05.23-03.49.23:270][191]Generator: GetNewTransform(): Connected LevelModule_15|-A to LevelModule_14|-A
[2017.05.23-03.49.25:440][451]Generator: GetNewTransform(): Connected LevelModule_16|-A to LevelModule_14|-B
[2017.05.23-03.49.26:605][588]LogBlueprintUserMessages: Early EndPlayMap Detection: Level '/Game/TopDownCPP/Maps/ExampleMap.ExampleMap:PersistentLevel' has LevelScriptBlueprint '/Game/TopDownCPP/Maps/ExampleMap.ExampleMap:PersistentLevel.ExampleMap' with GeneratedClass '/Game/TopDownCPP/Maps/ExampleMap.ExampleMap_C' with ClassGeneratedBy '/Game/TopDownCPP/Maps/ExampleMap.ExampleMap:PersistentLevel.ExampleMap'
[2017.05.23-03.49.27:213][588]LogBlueprintUserMessages: Late EndPlayMap Detection: Level '/Game/TopDownCPP/Maps/ExampleMap.ExampleMap:PersistentLevel' has LevelScriptBlueprint '/Game/TopDownCPP/Maps/ExampleMap.ExampleMap:PersistentLevel.ExampleMap' with GeneratedClass '/Game/TopDownCPP/Maps/ExampleMap.ExampleMap_C' with ClassGeneratedBy '/Game/TopDownCPP/Maps/ExampleMap.ExampleMap:PersistentLevel.ExampleMap'
[2017.05.23-03.49.27:445][588]LogExit: GameNetDriver None shut down
[2017.05.23-03.49.37:110][877]Recompiling LevelGen...
[2017.05.23-03.49.37:130][877]Launching UnrealBuildTool... [D:/Program Files/UE_4.15/Engine/Binaries/DotNET/UnrealBuildTool.exe LevelGen -ModuleWithSuffix LevelGen 4105 Win64 DebugGame -editorrecompile -canskiplink "C:/Users/baxter/Documents/UnrealProjects/LevelGen/LevelGen.uproject" ]
[2017.05.23-03.49.37:138][877]Warning: Starting HotReload took  0.1s.
[2017.05.23-03.49.57:888][363]CompilerResultsLog: New page: Compilation - 23 May 2017 05:49:57
[2017.05.23-03.49.57:888][363]CompilerResultsLog: Info Compiling game modules for hot reload
[2017.05.23-03.49.57:888][363]CompilerResultsLog: Info Parsing headers for LevelGenEditor
[2017.05.23-03.49.57:888][363]CompilerResultsLog: Info   Running UnrealHeaderTool "C:\Users\baxter\Documents\UnrealProjects\LevelGen\LevelGen.uproject" "C:\Users\baxter\Documents\UnrealProjects\LevelGen\Intermediate\Build\Win64\LevelGenEditor\DebugGame\LevelGenEditor.uhtmanifest" -LogCmds="loginit warning, logexit warning, logdatabase error" -Unattended -WarningsAsErrors -installed
[2017.05.23-03.49.57:888][363]CompilerResultsLog: Info Reflection code generated for LevelGenEditor in 3.1095016 seconds
[2017.05.23-03.49.57:888][363]CompilerResultsLog: Info Performing 3 actions (4 in parallel)
[2017.05.23-03.49.57:888][363]CompilerResultsLog: Info ModuleGenerator.cpp
[2017.05.23-03.49.57:888][363]CompilerResultsLog: Info [2/3] Link UE4Editor-LevelGen-4105-Win64-DebugGame.dll
[2017.05.23-03.49.57:888][363]CompilerResultsLog: Info [3/3] Link UE4Editor-LevelGen-4105-Win64-DebugGame.lib
[2017.05.23-03.49.57:888][363]CompilerResultsLog: Info    Creating library C:\Users\baxter\Documents\UnrealProjects\LevelGen\Intermediate\Build\Win64\UE4Editor\DebugGame\UE4Editor-LevelGen-4105-Win64-DebugGame.lib and object C:\Users\baxter\Documents\UnrealProjects\LevelGen\Intermediate\Build\Win64\UE4Editor\DebugGame\UE4Editor-LevelGen-4105-Win64-DebugGame.exp
[2017.05.23-03.49.57:888][363]CompilerResultsLog: Info    Creating library C:\Users\baxter\Documents\UnrealProjects\LevelGen\Intermediate\Build\Win64\UE4Editor\DebugGame\UE4Editor-LevelGen-4105-Win64-DebugGame.suppressed.lib and object C:\Users\baxter\Documents\UnrealProjects\LevelGen\Intermediate\Build\Win64\UE4Editor\DebugGame\UE4Editor-LevelGen-4105-Win64-DebugGame.suppressed.exp
[2017.05.23-03.49.57:888][363]CompilerResultsLog: Info Total build time: 20.48 seconds (Local executor: 15.35 seconds)
[2017.05.23-03.49.57:888][363]LogMainFrame: MainFrame: Module compiling took 20.798 seconds
[2017.05.23-03.49.58:022][363]LogClass: ExitQueueItem HotReload.
[2017.05.23-03.49.58:022][363]LogClass: ModuleInfo HotReload.
[2017.05.23-03.49.58:026][363]LogContentBrowser: Native class hierarchy updated for 'LevelGen' in 0.0014 seconds. Added 4 classes and 3 folders.
[2017.05.23-03.49.58:027][363]Display: HotReload successful (1 functions remapped  2 scriptstructs remapped)
[2017.05.23-03.49.58:343][363]LogContentBrowser: Native class hierarchy populated in 0.0224 seconds. Added 2251 classes and 460 folders.
[2017.05.23-03.49.58:418][363]Display: HotReload took 21.4s.
[2017.05.23-03.50.51:326][912]LogTemp: Repeting last play command: Simulate
[2017.05.23-03.50.51:332][912]LogBlueprintUserMessages: Early PlayInEditor Detection: Level '/Game/TopDownCPP/Maps/ExampleMap.ExampleMap:PersistentLevel' has LevelScriptBlueprint '/Game/TopDownCPP/Maps/ExampleMap.ExampleMap:PersistentLevel.ExampleMap' with GeneratedClass '/Game/TopDownCPP/Maps/ExampleMap.ExampleMap_C' with ClassGeneratedBy '/Game/TopDownCPP/Maps/ExampleMap.ExampleMap:PersistentLevel.ExampleMap'
[2017.05.23-03.50.51:332][912]LogPlayLevel: PlayLevel: No blueprints needed recompiling
[2017.05.23-03.50.51:332][912]PIE: New page: SIE session: ExampleMap (23 May 2017 05:50:51)
[2017.05.23-03.50.51:332][912]LogPlayLevel: Creating play world package: /Game/TopDownCPP/Maps/UEDPIE_0_ExampleMap
[2017.05.23-03.50.51:346][912]LogPlayLevel: PIE: StaticDuplicateObject took: (0.013438s)
[2017.05.23-03.50.51:347][912]LogAIModule: Creating AISystem for world ExampleMap
[2017.05.23-03.50.51:347][912]LogPlayLevel: PIE: World Init took: (0.000691s)
[2017.05.23-03.50.51:347][912]LogPlayLevel: PIE: Created PIE world by copying editor world from /Game/TopDownCPP/Maps/ExampleMap.ExampleMap to /Game/TopDownCPP/Maps/UEDPIE_0_ExampleMap.ExampleMap (0.014651s)
[2017.05.23-03.50.51:359][912]LogInit: XAudio2 using 'Speakers (ASUS Xonar DX Audio Device)' : 2 channels at 44.1 kHz using 16 bits per sample (channel mask 0x3)
[2017.05.23-03.50.51:363][912]LogInit: FAudioDevice initialized.
[2017.05.23-03.50.51:407][912]LogLoad: Game class is 'GameModeBase'
[2017.05.23-03.50.51:408][912]LogWorld: Bringing World /Game/TopDownCPP/Maps/UEDPIE_0_ExampleMap.ExampleMap up for play (max tick rate 0) at 2017.05.23-04.50.51
[2017.05.23-03.50.51:409][912]LogWorld: Bringing up level for play took: 0.000902
[2017.05.23-03.50.51:410][912]Generator: //////////////////////////////
[2017.05.23-03.50.51:410][912]Generator: ////// BEGIN GENERATOR //////
[2017.05.23-03.50.51:410][912]Generator: //////////////////////////////
[2017.05.23-03.50.51:410][912]Generator: ============================================
[2017.05.23-03.50.51:410][912]Generator: ====== GenerateLevel(): Iteration: 1 ======
[2017.05.23-03.50.51:410][912]Generator: ============================================
[2017.05.23-03.50.51:410][912]PIE: Info Play in editor start time for /Game/TopDownCPP/Maps/UEDPIE_0_ExampleMap -0.064
[2017.05.23-03.50.51:412][912]LogBlueprintUserMessages: Late PlayInEditor Detection: Level '/Game/TopDownCPP/Maps/ExampleMap.ExampleMap:PersistentLevel' has LevelScriptBlueprint '/Game/TopDownCPP/Maps/ExampleMap.ExampleMap:PersistentLevel.ExampleMap' with GeneratedClass '/Game/TopDownCPP/Maps/ExampleMap.ExampleMap_C' with ClassGeneratedBy '/Game/TopDownCPP/Maps/ExampleMap.ExampleMap:PersistentLevel.ExampleMap'
[2017.05.23-03.50.51:413][912]Generator: GetNewTransform(): Connected LevelModule_1|-A to LevelModule_0|-A
[2017.05.23-03.50.53:331][139]Generator: ============================================
[2017.05.23-03.50.53:331][139]Generator: ====== GenerateLevel(): Iteration: 2 ======
[2017.05.23-03.50.53:331][139]Generator: ============================================
[2017.05.23-03.50.53:367][143]Generator: GetNewTransform(): Connected LevelModule_2|-B to LevelModule_0|-B
[2017.05.23-03.50.55:337][379]Generator: ============================================
[2017.05.23-03.50.55:337][379]Generator: ====== GenerateLevel(): Iteration: 3 ======
[2017.05.23-03.50.55:337][379]Generator: ============================================
[2017.05.23-03.50.56:432][510]Generator: GetNewTransform(): Connected LevelModule_3|-A to LevelModule_2|-A
[2017.05.23-03.50.57:341][619]Generator: ============================================
[2017.05.23-03.50.57:341][619]Generator: ====== GenerateLevel(): Iteration: 4 ======
[2017.05.23-03.50.57:341][619]Generator: ============================================
[2017.05.23-03.50.59:346][859]Generator: ============================================
[2017.05.23-03.50.59:346][859]Generator: ====== GenerateLevel(): Iteration: 5 ======
[2017.05.23-03.50.59:346][859]Generator: ============================================
[2017.05.23-03.50.59:708][902]Generator: GetNewTransform(): Connected LevelModule_4|-B to LevelModule_2|-B
[2017.05.23-03.51.00:975][ 54]Generator: GetNewTransform(): Connected LevelModule_5|-A to LevelModule_4|-A
[2017.05.23-03.51.01:351][ 99]Generator: ============================================
[2017.05.23-03.51.01:352][ 99]Generator: ====== GenerateLevel(): Iteration: 6 ======
[2017.05.23-03.51.01:352][ 99]Generator: ============================================
[2017.05.23-03.51.03:024][299]Generator: GetNewTransform(): Connected LevelModule_6|-A to LevelModule_4|-B
[2017.05.23-03.51.03:358][339]Generator: ============================================
[2017.05.23-03.51.03:358][339]Generator: ====== GenerateLevel(): Iteration: 7 ======
[2017.05.23-03.51.03:358][339]Generator: ============================================
[2017.05.23-03.51.03:869][400]LogBlueprintUserMessages: Early EndPlayMap Detection: Level '/Game/TopDownCPP/Maps/ExampleMap.ExampleMap:PersistentLevel' has LevelScriptBlueprint '/Game/TopDownCPP/Maps/ExampleMap.ExampleMap:PersistentLevel.ExampleMap' with GeneratedClass '/Game/TopDownCPP/Maps/ExampleMap.ExampleMap_C' with ClassGeneratedBy '/Game/TopDownCPP/Maps/ExampleMap.ExampleMap:PersistentLevel.ExampleMap'
[2017.05.23-03.51.03:902][400]LogBlueprintUserMessages: Late EndPlayMap Detection: Level '/Game/TopDownCPP/Maps/ExampleMap.ExampleMap:PersistentLevel' has LevelScriptBlueprint '/Game/TopDownCPP/Maps/ExampleMap.ExampleMap:PersistentLevel.ExampleMap' with GeneratedClass '/Game/TopDownCPP/Maps/ExampleMap.ExampleMap_C' with ClassGeneratedBy '/Game/TopDownCPP/Maps/ExampleMap.ExampleMap:PersistentLevel.ExampleMap'
[2017.05.23-03.51.04:535][474]LogTemp: Repeting last play command: Simulate
[2017.05.23-03.51.04:540][474]LogBlueprintUserMessages: Early PlayInEditor Detection: Level '/Game/TopDownCPP/Maps/ExampleMap.ExampleMap:PersistentLevel' has LevelScriptBlueprint '/Game/TopDownCPP/Maps/ExampleMap.ExampleMap:PersistentLevel.ExampleMap' with GeneratedClass '/Game/TopDownCPP/Maps/ExampleMap.ExampleMap_C' with ClassGeneratedBy '/Game/TopDownCPP/Maps/ExampleMap.ExampleMap:PersistentLevel.ExampleMap'
[2017.05.23-03.51.04:541][474]LogPlayLevel: PlayLevel: No blueprints needed recompiling
[2017.05.23-03.51.04:541][474]PIE: New page: SIE session: ExampleMap (23 May 2017 05:51:04)
[2017.05.23-03.51.04:541][474]LogPlayLevel: Creating play world package: /Game/TopDownCPP/Maps/UEDPIE_0_ExampleMap
[2017.05.23-03.51.04:549][474]LogPlayLevel: PIE: StaticDuplicateObject took: (0.008410s)
[2017.05.23-03.51.04:550][474]LogAIModule: Creating AISystem for world ExampleMap
[2017.05.23-03.51.04:550][474]LogPlayLevel: PIE: World Init took: (0.000651s)
[2017.05.23-03.51.04:550][474]LogPlayLevel: PIE: Created PIE world by copying editor world from /Game/TopDownCPP/Maps/ExampleMap.ExampleMap to /Game/TopDownCPP/Maps/UEDPIE_0_ExampleMap.ExampleMap (0.009427s)
[2017.05.23-03.51.04:561][474]LogInit: XAudio2 using 'Speakers (ASUS Xonar DX Audio Device)' : 2 channels at 44.1 kHz using 16 bits per sample (channel mask 0x3)
[2017.05.23-03.51.04:566][474]LogInit: FAudioDevice initialized.
[2017.05.23-03.51.04:597][474]LogLoad: Game class is 'GameModeBase'
[2017.05.23-03.51.04:599][474]LogWorld: Bringing World /Game/TopDownCPP/Maps/UEDPIE_0_ExampleMap.ExampleMap up for play (max tick rate 0) at 2017.05.23-04.51.04
[2017.05.23-03.51.04:599][474]LogWorld: Bringing up level for play took: 0.000790
[2017.05.23-03.51.04:600][474]Generator: //////////////////////////////
[2017.05.23-03.51.04:600][474]Generator: ////// BEGIN GENERATOR //////
[2017.05.23-03.51.04:600][474]Generator: //////////////////////////////
[2017.05.23-03.51.04:600][474]Generator: ============================================
[2017.05.23-03.51.04:600][474]Generator: ====== GenerateLevel(): Iteration: 1 ======
[2017.05.23-03.51.04:600][474]Generator: ============================================
[2017.05.23-03.51.04:600][474]PIE: Info Play in editor start time for /Game/TopDownCPP/Maps/UEDPIE_0_ExampleMap -0.875
[2017.05.23-03.51.04:603][474]LogBlueprintUserMessages: Late PlayInEditor Detection: Level '/Game/TopDownCPP/Maps/ExampleMap.ExampleMap:PersistentLevel' has LevelScriptBlueprint '/Game/TopDownCPP/Maps/ExampleMap.ExampleMap:PersistentLevel.ExampleMap' with GeneratedClass '/Game/TopDownCPP/Maps/ExampleMap.ExampleMap_C' with ClassGeneratedBy '/Game/TopDownCPP/Maps/ExampleMap.ExampleMap:PersistentLevel.ExampleMap'
[2017.05.23-03.51.04:603][474]Generator: GetNewTransform(): Connected LevelModule_1|-B to LevelModule_0|-A
[2017.05.23-03.51.06:543][705]Generator: ============================================
[2017.05.23-03.51.06:543][705]Generator: ====== GenerateLevel(): Iteration: 2 ======
[2017.05.23-03.51.06:543][705]Generator: ============================================
[2017.05.23-03.51.06:571][708]Generator: GetNewTransform(): Connected LevelModule_2|-A to LevelModule_0|-B
[2017.05.23-03.51.08:547][945]Generator: ============================================
[2017.05.23-03.51.08:547][945]Generator: ====== GenerateLevel(): Iteration: 3 ======
[2017.05.23-03.51.08:547][945]Generator: ============================================
[2017.05.23-03.51.08:734][967]Generator: GetNewTransform(): Connected LevelModule_3|-A to LevelModule_2|-A
[2017.05.23-03.51.13:417][527]Generator: ============================================
[2017.05.23-03.51.13:418][527]Generator: ====== GenerateLevel(): Iteration: 4 ======
[2017.05.23-03.51.13:418][527]Generator: ============================================
[2017.05.23-03.51.19:244][214]LogEditorViewport: Clicking on Actor (LMB): LevelModule (LevelModule3)
[2017.05.23-03.51.20:165][217]LogSlate: Took 0.020132 seconds to synchronously load lazily loaded font '../../../Engine/Content/Editor/Slate/Fonts/DroidSansMono.ttf' (77K)
[2017.05.23-03.51.28:817][244]LogEditorViewport: Clicking on Actor (LMB): LevelModule (LevelModule7)
[2017.05.23-03.51.30:995][498]LogEditorViewport: Clicking Background
[2017.05.23-03.51.31:530][562]LogEditorViewport: Clicking on Actor (LMB): LevelModule (LevelModule6)
[2017.05.23-03.51.33:452][788]LogEditorViewport: Clicking Background
[2017.05.23-03.51.33:853][836]LogEditorViewport: Clicking on Actor (LMB): LevelModule (LevelModule4)
[2017.05.23-03.51.39:724][536]LogEditorViewport: Clicking on Actor (LMB): LevelModule (LevelModule6)
[2017.05.23-03.51.41:725][772]LogEditorViewport: Clicking Background
[2017.05.23-03.51.43:236][953]LogEditorViewport: Clicking on Actor (LMB): LevelModule (LevelModule7)
[2017.05.23-03.51.50:920][870]LogEditorViewport: Clicking on Actor (LMB): LevelModule (LevelModule6)
[2017.05.23-03.51.51:712][961]LogEditorViewport: Clicking on Actor (LMB): LevelModule (LevelModule4)
[2017.05.23-03.51.52:472][ 48]LogEditorViewport: Clicking Background
[2017.05.23-03.51.57:383][637]LogEditorViewport: Clicking on Actor (LMB): LevelModule (LevelModule1)
[2017.05.23-03.51.59:759][918]LogBlueprintUserMessages: Early EndPlayMap Detection: Level '/Game/TopDownCPP/Maps/ExampleMap.ExampleMap:PersistentLevel' has LevelScriptBlueprint '/Game/TopDownCPP/Maps/ExampleMap.ExampleMap:PersistentLevel.ExampleMap' with GeneratedClass '/Game/TopDownCPP/Maps/ExampleMap.ExampleMap_C' with ClassGeneratedBy '/Game/TopDownCPP/Maps/ExampleMap.ExampleMap:PersistentLevel.ExampleMap'
[2017.05.23-03.51.59:790][918]LogBlueprintUserMessages: Late EndPlayMap Detection: Level '/Game/TopDownCPP/Maps/ExampleMap.ExampleMap:PersistentLevel' has LevelScriptBlueprint '/Game/TopDownCPP/Maps/ExampleMap.ExampleMap:PersistentLevel.ExampleMap' with GeneratedClass '/Game/TopDownCPP/Maps/ExampleMap.ExampleMap_C' with ClassGeneratedBy '/Game/TopDownCPP/Maps/ExampleMap.ExampleMap:PersistentLevel.ExampleMap'
[2017.05.23-03.52.00:671][ 22]LogTemp: Repeting last play command: Simulate
[2017.05.23-03.52.00:676][ 22]LogBlueprintUserMessages: Early PlayInEditor Detection: Level '/Game/TopDownCPP/Maps/ExampleMap.ExampleMap:PersistentLevel' has LevelScriptBlueprint '/Game/TopDownCPP/Maps/ExampleMap.ExampleMap:PersistentLevel.ExampleMap' with GeneratedClass '/Game/TopDownCPP/Maps/ExampleMap.ExampleMap_C' with ClassGeneratedBy '/Game/TopDownCPP/Maps/ExampleMap.ExampleMap:PersistentLevel.ExampleMap'
[2017.05.23-03.52.00:677][ 22]LogPlayLevel: PlayLevel: No blueprints needed recompiling
[2017.05.23-03.52.00:677][ 22]PIE: New page: SIE session: ExampleMap (23 May 2017 05:52:00)
[2017.05.23-03.52.00:677][ 22]LogPlayLevel: Creating play world package: /Game/TopDownCPP/Maps/UEDPIE_0_ExampleMap
[2017.05.23-03.52.00:687][ 22]LogPlayLevel: PIE: StaticDuplicateObject took: (0.009918s)
[2017.05.23-03.52.00:688][ 22]LogAIModule: Creating AISystem for world ExampleMap
[2017.05.23-03.52.00:688][ 22]LogPlayLevel: PIE: World Init took: (0.000686s)
[2017.05.23-03.52.00:688][ 22]LogPlayLevel: PIE: Created PIE world by copying editor world from /Game/TopDownCPP/Maps/ExampleMap.ExampleMap to /Game/TopDownCPP/Maps/UEDPIE_0_ExampleMap.ExampleMap (0.011232s)
[2017.05.23-03.52.00:699][ 22]LogInit: XAudio2 using 'Speakers (ASUS Xonar DX Audio Device)' : 2 channels at 44.1 kHz using 16 bits per sample (channel mask 0x3)
[2017.05.23-03.52.00:703][ 22]LogInit: FAudioDevice initialized.
[2017.05.23-03.52.00:736][ 22]LogLoad: Game class is 'GameModeBase'
[2017.05.23-03.52.00:738][ 22]LogWorld: Bringing World /Game/TopDownCPP/Maps/UEDPIE_0_ExampleMap.ExampleMap up for play (max tick rate 0) at 2017.05.23-04.52.00
[2017.05.23-03.52.00:738][ 22]LogWorld: Bringing up level for play took: 0.001065
[2017.05.23-03.52.00:739][ 22]Generator: //////////////////////////////
[2017.05.23-03.52.00:739][ 22]Generator: ////// BEGIN GENERATOR //////
[2017.05.23-03.52.00:739][ 22]Generator: //////////////////////////////
[2017.05.23-03.52.00:740][ 22]Generator: ============================================
[2017.05.23-03.52.00:740][ 22]Generator: ====== GenerateLevel(): Iteration: 1 ======
[2017.05.23-03.52.00:740][ 22]Generator: ============================================
[2017.05.23-03.52.00:740][ 22]PIE: Info Play in editor start time for /Game/TopDownCPP/Maps/UEDPIE_0_ExampleMap -0.735
[2017.05.23-03.52.00:742][ 22]LogBlueprintUserMessages: Late PlayInEditor Detection: Level '/Game/TopDownCPP/Maps/ExampleMap.ExampleMap:PersistentLevel' has LevelScriptBlueprint '/Game/TopDownCPP/Maps/ExampleMap.ExampleMap:PersistentLevel.ExampleMap' with GeneratedClass '/Game/TopDownCPP/Maps/ExampleMap.ExampleMap_C' with ClassGeneratedBy '/Game/TopDownCPP/Maps/ExampleMap.ExampleMap:PersistentLevel.ExampleMap'
[2017.05.23-03.52.00:743][ 22]Generator: GetNewTransform(): Connected LevelModule_1|-B to LevelModule_0|-A
[2017.05.23-03.52.04:291][446]LogEditorViewport: Clicking on Actor (LMB): LevelModule (LevelModule2)
[2017.05.23-03.52.11:388][293]Generator: ============================================
[2017.05.23-03.52.11:388][293]Generator: ====== GenerateLevel(): Iteration: 2 ======
[2017.05.23-03.52.11:389][293]Generator: ============================================
[2017.05.23-03.52.11:550][312]Generator: GetNewTransform(): Connected LevelModule_2|-A to LevelModule_0|-B
[2017.05.23-03.52.13:026][489]Generator: GetNewTransform(): Connected LevelModule_3|-A to LevelModule_2|-A
[2017.05.23-03.52.27:401][214]LogEditorViewport: Clicking Background
[2017.05.23-03.52.27:811][263]LogEditorViewport: Clicking on Actor (LMB): LevelModule (LevelModule1)
[2017.05.23-03.52.30:793][617]Generator: ============================================
[2017.05.23-03.52.30:793][617]Generator: ====== GenerateLevel(): Iteration: 3 ======
[2017.05.23-03.52.30:794][617]Generator: ============================================
[2017.05.23-03.52.37:016][363]Generator: ============================================
[2017.05.23-03.52.37:017][363]Generator: ====== GenerateLevel(): Iteration: 4 ======
[2017.05.23-03.52.37:017][363]Generator: ============================================
[2017.05.23-03.52.37:589][431]Generator: GetNewTransform(): Connected LevelModule_4|-A to LevelModule_2|-B
[2017.05.23-03.52.38:376][525]LogBlueprintUserMessages: Early EndPlayMap Detection: Level '/Game/TopDownCPP/Maps/ExampleMap.ExampleMap:PersistentLevel' has LevelScriptBlueprint '/Game/TopDownCPP/Maps/ExampleMap.ExampleMap:PersistentLevel.ExampleMap' with GeneratedClass '/Game/TopDownCPP/Maps/ExampleMap.ExampleMap_C' with ClassGeneratedBy '/Game/TopDownCPP/Maps/ExampleMap.ExampleMap:PersistentLevel.ExampleMap'
[2017.05.23-03.52.38:412][525]LogBlueprintUserMessages: Late EndPlayMap Detection: Level '/Game/TopDownCPP/Maps/ExampleMap.ExampleMap:PersistentLevel' has LevelScriptBlueprint '/Game/TopDownCPP/Maps/ExampleMap.ExampleMap:PersistentLevel.ExampleMap' with GeneratedClass '/Game/TopDownCPP/Maps/ExampleMap.ExampleMap_C' with ClassGeneratedBy '/Game/TopDownCPP/Maps/ExampleMap.ExampleMap:PersistentLevel.ExampleMap'
[2017.05.23-03.52.45:410][363]LogTemp: Repeting last play command: Simulate
[2017.05.23-03.52.45:416][363]LogBlueprintUserMessages: Early PlayInEditor Detection: Level '/Game/TopDownCPP/Maps/ExampleMap.ExampleMap:PersistentLevel' has LevelScriptBlueprint '/Game/TopDownCPP/Maps/ExampleMap.ExampleMap:PersistentLevel.ExampleMap' with GeneratedClass '/Game/TopDownCPP/Maps/ExampleMap.ExampleMap_C' with ClassGeneratedBy '/Game/TopDownCPP/Maps/ExampleMap.ExampleMap:PersistentLevel.ExampleMap'
[2017.05.23-03.52.45:416][363]LogPlayLevel: PlayLevel: No blueprints needed recompiling
[2017.05.23-03.52.45:416][363]PIE: New page: SIE session: ExampleMap (23 May 2017 05:52:45)
[2017.05.23-03.52.45:416][363]LogPlayLevel: Creating play world package: /Game/TopDownCPP/Maps/UEDPIE_0_ExampleMap
[2017.05.23-03.52.45:425][363]LogPlayLevel: PIE: StaticDuplicateObject took: (0.008471s)
[2017.05.23-03.52.45:426][363]LogAIModule: Creating AISystem for world ExampleMap
[2017.05.23-03.52.45:426][363]LogPlayLevel: PIE: World Init took: (0.000724s)
[2017.05.23-03.52.45:426][363]LogPlayLevel: PIE: Created PIE world by copying editor world from /Game/TopDownCPP/Maps/ExampleMap.ExampleMap to /Game/TopDownCPP/Maps/UEDPIE_0_ExampleMap.ExampleMap (0.009826s)
[2017.05.23-03.52.45:438][363]LogInit: XAudio2 using 'Speakers (ASUS Xonar DX Audio Device)' : 2 channels at 44.1 kHz using 16 bits per sample (channel mask 0x3)
[2017.05.23-03.52.45:442][363]LogInit: FAudioDevice initialized.
[2017.05.23-03.52.45:478][363]LogLoad: Game class is 'GameModeBase'
[2017.05.23-03.52.45:479][363]LogWorld: Bringing World /Game/TopDownCPP/Maps/UEDPIE_0_ExampleMap.ExampleMap up for play (max tick rate 0) at 2017.05.23-04.52.45
[2017.05.23-03.52.45:480][363]LogWorld: Bringing up level for play took: 0.001007
[2017.05.23-03.52.45:481][363]Generator: //////////////////////////////
[2017.05.23-03.52.45:481][363]Generator: ////// BEGIN GENERATOR //////
[2017.05.23-03.52.45:481][363]Generator: //////////////////////////////
[2017.05.23-03.52.45:481][363]Generator: ============================================
[2017.05.23-03.52.45:481][363]Generator: ====== GenerateLevel(): Iteration: 1 ======
[2017.05.23-03.52.45:482][363]Generator: ============================================
[2017.05.23-03.52.45:482][363]PIE: Info Play in editor start time for /Game/TopDownCPP/Maps/UEDPIE_0_ExampleMap 0.007
[2017.05.23-03.52.45:485][363]LogBlueprintUserMessages: Late PlayInEditor Detection: Level '/Game/TopDownCPP/Maps/ExampleMap.ExampleMap:PersistentLevel' has LevelScriptBlueprint '/Game/TopDownCPP/Maps/ExampleMap.ExampleMap:PersistentLevel.ExampleMap' with GeneratedClass '/Game/TopDownCPP/Maps/ExampleMap.ExampleMap_C' with ClassGeneratedBy '/Game/TopDownCPP/Maps/ExampleMap.ExampleMap:PersistentLevel.ExampleMap'
[2017.05.23-03.52.45:485][363]Generator: GetNewTransform(): Connected LevelModule_1|-A to LevelModule_0|-A
[2017.05.23-03.52.56:344][664]Generator: ============================================
[2017.05.23-03.52.56:344][664]Generator: ====== GenerateLevel(): Iteration: 2 ======
[2017.05.23-03.52.56:344][664]Generator: ============================================
[2017.05.23-03.52.59:096][994]Generator: GetNewTransform(): Connected LevelModule_2|-A to LevelModule_0|-B
[2017.05.23-03.53.00:047][108]Generator: ============================================
[2017.05.23-03.53.00:047][108]Generator: ====== GenerateLevel(): Iteration: 3 ======
[2017.05.23-03.53.00:047][108]Generator: ============================================
[2017.05.23-03.53.01:259][253]Generator: GetNewTransform(): Connected LevelModule_3|-B to LevelModule_2|-A
[2017.05.23-03.53.02:051][348]Generator: ============================================
[2017.05.23-03.53.02:051][348]Generator: ====== GenerateLevel(): Iteration: 4 ======
[2017.05.23-03.53.02:051][348]Generator: ============================================
[2017.05.23-03.53.02:521][404]Generator: GetNewTransform(): Connected LevelModule_4|-A to LevelModule_2|-B
[2017.05.23-03.53.04:055][588]Generator: ============================================
[2017.05.23-03.53.04:055][588]Generator: ====== GenerateLevel(): Iteration: 5 ======
[2017.05.23-03.53.04:055][588]Generator: ============================================
[2017.05.23-03.53.05:401][749]Generator: GetNewTransform(): Connected LevelModule_5|-A to LevelModule_4|-A
[2017.05.23-03.53.06:060][828]Generator: ============================================
[2017.05.23-03.53.06:060][828]Generator: ====== GenerateLevel(): Iteration: 6 ======
[2017.05.23-03.53.06:061][828]Generator: ============================================
[2017.05.23-03.53.08:064][ 68]Generator: ============================================
[2017.05.23-03.53.08:064][ 68]Generator: ====== GenerateLevel(): Iteration: 7 ======
[2017.05.23-03.53.08:065][ 68]Generator: ============================================
[2017.05.23-03.53.09:298][216]Generator: GetNewTransform(): Connected LevelModule_6|-A to LevelModule_4|-B
[2017.05.23-03.53.10:065][308]Generator: ============================================
[2017.05.23-03.53.10:065][308]Generator: ====== GenerateLevel(): Iteration: 8 ======
[2017.05.23-03.53.10:065][308]Generator: ============================================
[2017.05.23-03.53.12:066][548]Generator: ////////////////////////////
[2017.05.23-03.53.12:067][548]Generator: ////// END GENERATOR //////
[2017.05.23-03.53.12:067][548]Generator: ////////////////////////////
[2017.05.23-03.53.12:174][561]Generator: GetNewTransform(): Connected LevelModule_7|-B to LevelModule_6|-A
[2017.05.23-03.53.15:049][906]Generator: GetNewTransform(): Connected LevelModule_8|-B to LevelModule_6|-B
[2017.05.23-03.53.18:508][321]Generator: GetNewTransform(): Connected LevelModule_9|-A to LevelModule_8|-A
[2017.05.23-03.53.22:012][741]Generator: GetNewTransform(): Connected LevelModule_10|-B to LevelModule_8|-B
[2017.05.23-03.53.25:467][154]Generator: GetNewTransform(): Connected LevelModule_11|-A to LevelModule_10|-A
[2017.05.23-03.53.29:370][622]Generator: GetNewTransform(): Connected LevelModule_12|-A to LevelModule_10|-B
[2017.05.23-03.53.32:054][944]Generator: GetNewTransform(): Connected LevelModule_13|-A to LevelModule_12|-A
[2017.05.23-03.53.35:515][359]Generator: GetNewTransform(): Connected LevelModule_14|-B to LevelModule_12|-B
[2017.05.23-03.53.41:100][ 29]Generator: GetNewTransform(): Connected LevelModule_15|-A to LevelModule_14|-A
[2017.05.23-03.53.46:673][697]Generator: GetNewTransform(): Connected LevelModule_16|-B to LevelModule_14|-B
[2017.05.23-03.57.25:975][442]LogBlueprintUserMessages: Early EndPlayMap Detection: Level '/Game/TopDownCPP/Maps/ExampleMap.ExampleMap:PersistentLevel' has LevelScriptBlueprint '/Game/TopDownCPP/Maps/ExampleMap.ExampleMap:PersistentLevel.ExampleMap' with GeneratedClass '/Game/TopDownCPP/Maps/ExampleMap.ExampleMap_C' with ClassGeneratedBy '/Game/TopDownCPP/Maps/ExampleMap.ExampleMap:PersistentLevel.ExampleMap'
[2017.05.23-03.57.26:008][442]LogBlueprintUserMessages: Late EndPlayMap Detection: Level '/Game/TopDownCPP/Maps/ExampleMap.ExampleMap:PersistentLevel' has LevelScriptBlueprint '/Game/TopDownCPP/Maps/ExampleMap.ExampleMap:PersistentLevel.ExampleMap' with GeneratedClass '/Game/TopDownCPP/Maps/ExampleMap.ExampleMap_C' with ClassGeneratedBy '/Game/TopDownCPP/Maps/ExampleMap.ExampleMap:PersistentLevel.ExampleMap'
[2017.05.23-03.57.26:797][535]LogTemp: Repeting last play command: Simulate
[2017.05.23-03.57.26:802][535]LogBlueprintUserMessages: Early PlayInEditor Detection: Level '/Game/TopDownCPP/Maps/ExampleMap.ExampleMap:PersistentLevel' has LevelScriptBlueprint '/Game/TopDownCPP/Maps/ExampleMap.ExampleMap:PersistentLevel.ExampleMap' with GeneratedClass '/Game/TopDownCPP/Maps/ExampleMap.ExampleMap_C' with ClassGeneratedBy '/Game/TopDownCPP/Maps/ExampleMap.ExampleMap:PersistentLevel.ExampleMap'
[2017.05.23-03.57.26:803][535]LogPlayLevel: PlayLevel: No blueprints needed recompiling
[2017.05.23-03.57.26:803][535]PIE: New page: SIE session: ExampleMap (23 May 2017 05:57:26)
[2017.05.23-03.57.26:803][535]LogPlayLevel: Creating play world package: /Game/TopDownCPP/Maps/UEDPIE_0_ExampleMap
[2017.05.23-03.57.26:813][535]LogPlayLevel: PIE: StaticDuplicateObject took: (0.010320s)
[2017.05.23-03.57.26:814][535]LogAIModule: Creating AISystem for world ExampleMap
[2017.05.23-03.57.26:814][535]LogPlayLevel: PIE: World Init took: (0.000664s)
[2017.05.23-03.57.26:814][535]LogPlayLevel: PIE: Created PIE world by copying editor world from /Game/TopDownCPP/Maps/ExampleMap.ExampleMap to /Game/TopDownCPP/Maps/UEDPIE_0_ExampleMap.ExampleMap (0.011627s)
[2017.05.23-03.57.26:824][535]LogInit: XAudio2 using 'Speakers (ASUS Xonar DX Audio Device)' : 2 channels at 44.1 kHz using 16 bits per sample (channel mask 0x3)
[2017.05.23-03.57.26:828][535]LogInit: FAudioDevice initialized.
[2017.05.23-03.57.26:863][535]LogLoad: Game class is 'GameModeBase'
[2017.05.23-03.57.26:864][535]LogWorld: Bringing World /Game/TopDownCPP/Maps/UEDPIE_0_ExampleMap.ExampleMap up for play (max tick rate 0) at 2017.05.23-04.57.26
[2017.05.23-03.57.26:865][535]LogWorld: Bringing up level for play took: 0.000915
[2017.05.23-03.57.26:866][535]Generator: //////////////////////////////
[2017.05.23-03.57.26:866][535]Generator: ////// BEGIN GENERATOR //////
[2017.05.23-03.57.26:866][535]Generator: //////////////////////////////
[2017.05.23-03.57.26:866][535]Generator: ============================================
[2017.05.23-03.57.26:866][535]Generator: ====== GenerateLevel(): Iteration: 1 ======
[2017.05.23-03.57.26:866][535]Generator: ============================================
[2017.05.23-03.57.26:867][535]PIE: Info Play in editor start time for /Game/TopDownCPP/Maps/UEDPIE_0_ExampleMap -0.608
[2017.05.23-03.57.26:869][535]LogBlueprintUserMessages: Late PlayInEditor Detection: Level '/Game/TopDownCPP/Maps/ExampleMap.ExampleMap:PersistentLevel' has LevelScriptBlueprint '/Game/TopDownCPP/Maps/ExampleMap.ExampleMap:PersistentLevel.ExampleMap' with GeneratedClass '/Game/TopDownCPP/Maps/ExampleMap.ExampleMap_C' with ClassGeneratedBy '/Game/TopDownCPP/Maps/ExampleMap.ExampleMap:PersistentLevel.ExampleMap'
[2017.05.23-03.57.26:869][535]Generator: GetNewTransform(): Connected LevelModule_1|-A to LevelModule_0|-A
[2017.05.23-03.57.28:801][765]Generator: ============================================
[2017.05.23-03.57.28:801][765]Generator: ====== GenerateLevel(): Iteration: 2 ======
[2017.05.23-03.57.28:801][765]Generator: ============================================
[2017.05.23-03.57.28:837][769]Generator: GetNewTransform(): Connected LevelModule_2|-B to LevelModule_0|-B
[2017.05.23-03.57.30:804][  5]Generator: ============================================
[2017.05.23-03.57.30:804][  5]Generator: ====== GenerateLevel(): Iteration: 3 ======
[2017.05.23-03.57.30:804][  5]Generator: ============================================
[2017.05.23-03.57.31:899][136]Generator: GetNewTransform(): Connected LevelModule_3|-A to LevelModule_2|-A
